<?xml version="1.0" encoding="UTF-8"?>
<testng-results retried="4" ignored="0" total="5" passed="0" failed="1" skipped="0">
  <reporter-output>
  </reporter-output>
  <suite started-at="2022-06-24T17:06:42 IST" name="Default suite" finished-at="2022-06-24T17:09:47 IST" duration-ms="184784">
    <groups>
      <group name="regressionTest">
        <method signature="ToCreateAndVerifyPurchaseOrderAndSelectUserRadioButtonTest.toCreateAndVerifyPurchaseOrderAndSelectUserRadioButtonTest()[pri:0, instance:com.crm.purchaseOrder.ToCreateAndVerifyPurchaseOrderAndSelectUserRadioButtonTest@32502377]" name="toCreateAndVerifyPurchaseOrderAndSelectUserRadioButtonTest" class="com.crm.purchaseOrder.ToCreateAndVerifyPurchaseOrderAndSelectUserRadioButtonTest"/>
      </group> <!-- regressionTest -->
    </groups>
    <test started-at="2022-06-24T17:06:42 IST" name="Default test" finished-at="2022-06-24T17:09:47 IST" duration-ms="184784">
      <class name="com.crm.purchaseOrder.ToCreateAndVerifyPurchaseOrderAndSelectUserRadioButtonTest">
        <test-method is-config="true" signature="connectToDataBase()[pri:0, instance:com.crm.purchaseOrder.ToCreateAndVerifyPurchaseOrderAndSelectUserRadioButtonTest@32502377]" started-at="2022-06-24T17:06:42 IST" name="connectToDataBase" finished-at="2022-06-24T17:06:42 IST" duration-ms="13" status="PASS">
          <reporter-output>
          </reporter-output>
        </test-method> <!-- connectToDataBase -->
        <test-method is-config="true" signature="launchTheBrowser()[pri:0, instance:com.crm.purchaseOrder.ToCreateAndVerifyPurchaseOrderAndSelectUserRadioButtonTest@32502377]" started-at="2022-06-24T17:06:43 IST" name="launchTheBrowser" finished-at="2022-06-24T17:06:51 IST" duration-ms="8564" status="PASS">
          <reporter-output>
          </reporter-output>
        </test-method> <!-- launchTheBrowser -->
        <test-method is-config="true" signature="loginToAppln()[pri:0, instance:com.crm.purchaseOrder.ToCreateAndVerifyPurchaseOrderAndSelectUserRadioButtonTest@32502377]" started-at="2022-06-24T17:06:51 IST" name="loginToAppln" finished-at="2022-06-24T17:06:54 IST" duration-ms="2682" status="PASS">
          <reporter-output>
          </reporter-output>
        </test-method> <!-- loginToAppln -->
        <test-method retried="true" signature="toCreateAndVerifyPurchaseOrderAndSelectUserRadioButtonTest()[pri:0, instance:com.crm.purchaseOrder.ToCreateAndVerifyPurchaseOrderAndSelectUserRadioButtonTest@32502377]" started-at="2022-06-24T17:06:54 IST" name="toCreateAndVerifyPurchaseOrderAndSelectUserRadioButtonTest" finished-at="2022-06-24T17:07:24 IST" duration-ms="30144" status="SKIP">
          <exception class="java.lang.AssertionError">
            <message>
              <![CDATA[null]]>
            </message>
            <full-stacktrace>
              <![CDATA[java.lang.AssertionError: null
at org.testng.Assert.fail(Assert.java:99)
at org.testng.Assert.fail(Assert.java:106)
at com.crm.purchaseOrder.ToCreateAndVerifyPurchaseOrderAndSelectUserRadioButtonTest.toCreateAndVerifyPurchaseOrderAndSelectUserRadioButtonTest(ToCreateAndVerifyPurchaseOrderAndSelectUserRadioButtonTest.java:167)
at java.base/jdk.internal.reflect.NativeMethodAccessorImpl.invoke0(Native Method)
at java.base/jdk.internal.reflect.NativeMethodAccessorImpl.invoke(NativeMethodAccessorImpl.java:78)
at java.base/jdk.internal.reflect.DelegatingMethodAccessorImpl.invoke(DelegatingMethodAccessorImpl.java:43)
at java.base/java.lang.reflect.Method.invoke(Method.java:567)
at org.testng.internal.MethodInvocationHelper.invokeMethod(MethodInvocationHelper.java:133)
at org.testng.internal.TestInvoker.invokeMethod(TestInvoker.java:598)
at org.testng.internal.TestInvoker.invokeTestMethod(TestInvoker.java:173)
at org.testng.internal.MethodRunner.runInSequence(MethodRunner.java:46)
at org.testng.internal.TestInvoker$MethodInvocationAgent.invoke(TestInvoker.java:824)
at org.testng.internal.TestInvoker.invokeTestMethods(TestInvoker.java:146)
at org.testng.internal.TestMethodWorker.invokeTestMethods(TestMethodWorker.java:146)
at org.testng.internal.TestMethodWorker.run(TestMethodWorker.java:128)
at java.base/java.util.ArrayList.forEach(ArrayList.java:1511)
at org.testng.TestRunner.privateRun(TestRunner.java:794)
at org.testng.TestRunner.run(TestRunner.java:596)
at org.testng.SuiteRunner.runTest(SuiteRunner.java:377)
at org.testng.SuiteRunner.runSequentially(SuiteRunner.java:371)
at org.testng.SuiteRunner.privateRun(SuiteRunner.java:332)
at org.testng.SuiteRunner.run(SuiteRunner.java:276)
at org.testng.SuiteRunnerWorker.runSuite(SuiteRunnerWorker.java:53)
at org.testng.SuiteRunnerWorker.run(SuiteRunnerWorker.java:96)
at org.testng.TestNG.runSuitesSequentially(TestNG.java:1212)
at org.testng.TestNG.runSuitesLocally(TestNG.java:1134)
at org.testng.TestNG.runSuites(TestNG.java:1063)
at org.testng.TestNG.run(TestNG.java:1031)
at org.testng.remote.AbstractRemoteTestNG.run(AbstractRemoteTestNG.java:115)
at org.testng.remote.RemoteTestNG.initAndRun(RemoteTestNG.java:251)
at org.testng.remote.RemoteTestNG.main(RemoteTestNG.java:77)
]]>
            </full-stacktrace>
          </exception> <!-- java.lang.AssertionError -->
          <reporter-output>
          </reporter-output>
        </test-method> <!-- toCreateAndVerifyPurchaseOrderAndSelectUserRadioButtonTest -->
        <test-method is-config="true" signature="logOutFromAppln()[pri:0, instance:com.crm.purchaseOrder.ToCreateAndVerifyPurchaseOrderAndSelectUserRadioButtonTest@32502377]" started-at="2022-06-24T17:07:24 IST" name="logOutFromAppln" finished-at="2022-06-24T17:07:26 IST" duration-ms="1314" status="PASS">
          <reporter-output>
          </reporter-output>
        </test-method> <!-- logOutFromAppln -->
        <test-method is-config="true" signature="loginToAppln()[pri:0, instance:com.crm.purchaseOrder.ToCreateAndVerifyPurchaseOrderAndSelectUserRadioButtonTest@32502377]" started-at="2022-06-24T17:07:26 IST" name="loginToAppln" finished-at="2022-06-24T17:07:28 IST" duration-ms="2131" status="PASS">
          <reporter-output>
          </reporter-output>
        </test-method> <!-- loginToAppln -->
        <test-method retried="true" signature="toCreateAndVerifyPurchaseOrderAndSelectUserRadioButtonTest()[pri:0, instance:com.crm.purchaseOrder.ToCreateAndVerifyPurchaseOrderAndSelectUserRadioButtonTest@32502377]" started-at="2022-06-24T17:07:28 IST" name="toCreateAndVerifyPurchaseOrderAndSelectUserRadioButtonTest" finished-at="2022-06-24T17:07:59 IST" duration-ms="31720" status="SKIP">
          <exception class="java.lang.AssertionError">
            <message>
              <![CDATA[null]]>
            </message>
            <full-stacktrace>
              <![CDATA[java.lang.AssertionError: null
at org.testng.Assert.fail(Assert.java:99)
at org.testng.Assert.fail(Assert.java:106)
at com.crm.purchaseOrder.ToCreateAndVerifyPurchaseOrderAndSelectUserRadioButtonTest.toCreateAndVerifyPurchaseOrderAndSelectUserRadioButtonTest(ToCreateAndVerifyPurchaseOrderAndSelectUserRadioButtonTest.java:167)
at java.base/jdk.internal.reflect.NativeMethodAccessorImpl.invoke0(Native Method)
at java.base/jdk.internal.reflect.NativeMethodAccessorImpl.invoke(NativeMethodAccessorImpl.java:78)
at java.base/jdk.internal.reflect.DelegatingMethodAccessorImpl.invoke(DelegatingMethodAccessorImpl.java:43)
at java.base/java.lang.reflect.Method.invoke(Method.java:567)
at org.testng.internal.MethodInvocationHelper.invokeMethod(MethodInvocationHelper.java:133)
at org.testng.internal.TestInvoker.invokeMethod(TestInvoker.java:598)
at org.testng.internal.TestInvoker.retryFailed(TestInvoker.java:213)
at org.testng.internal.MethodRunner.runInSequence(MethodRunner.java:58)
at org.testng.internal.TestInvoker$MethodInvocationAgent.invoke(TestInvoker.java:824)
at org.testng.internal.TestInvoker.invokeTestMethods(TestInvoker.java:146)
at org.testng.internal.TestMethodWorker.invokeTestMethods(TestMethodWorker.java:146)
at org.testng.internal.TestMethodWorker.run(TestMethodWorker.java:128)
at java.base/java.util.ArrayList.forEach(ArrayList.java:1511)
at org.testng.TestRunner.privateRun(TestRunner.java:794)
at org.testng.TestRunner.run(TestRunner.java:596)
at org.testng.SuiteRunner.runTest(SuiteRunner.java:377)
at org.testng.SuiteRunner.runSequentially(SuiteRunner.java:371)
at org.testng.SuiteRunner.privateRun(SuiteRunner.java:332)
at org.testng.SuiteRunner.run(SuiteRunner.java:276)
at org.testng.SuiteRunnerWorker.runSuite(SuiteRunnerWorker.java:53)
at org.testng.SuiteRunnerWorker.run(SuiteRunnerWorker.java:96)
at org.testng.TestNG.runSuitesSequentially(TestNG.java:1212)
at org.testng.TestNG.runSuitesLocally(TestNG.java:1134)
at org.testng.TestNG.runSuites(TestNG.java:1063)
at org.testng.TestNG.run(TestNG.java:1031)
at org.testng.remote.AbstractRemoteTestNG.run(AbstractRemoteTestNG.java:115)
at org.testng.remote.RemoteTestNG.initAndRun(RemoteTestNG.java:251)
at org.testng.remote.RemoteTestNG.main(RemoteTestNG.java:77)
]]>
            </full-stacktrace>
          </exception> <!-- java.lang.AssertionError -->
          <reporter-output>
          </reporter-output>
        </test-method> <!-- toCreateAndVerifyPurchaseOrderAndSelectUserRadioButtonTest -->
        <test-method is-config="true" signature="logOutFromAppln()[pri:0, instance:com.crm.purchaseOrder.ToCreateAndVerifyPurchaseOrderAndSelectUserRadioButtonTest@32502377]" started-at="2022-06-24T17:07:59 IST" name="logOutFromAppln" finished-at="2022-06-24T17:08:01 IST" duration-ms="1534" status="PASS">
          <reporter-output>
          </reporter-output>
        </test-method> <!-- logOutFromAppln -->
        <test-method is-config="true" signature="loginToAppln()[pri:0, instance:com.crm.purchaseOrder.ToCreateAndVerifyPurchaseOrderAndSelectUserRadioButtonTest@32502377]" started-at="2022-06-24T17:08:01 IST" name="loginToAppln" finished-at="2022-06-24T17:08:03 IST" duration-ms="2589" status="PASS">
          <reporter-output>
          </reporter-output>
        </test-method> <!-- loginToAppln -->
        <test-method retried="true" signature="toCreateAndVerifyPurchaseOrderAndSelectUserRadioButtonTest()[pri:0, instance:com.crm.purchaseOrder.ToCreateAndVerifyPurchaseOrderAndSelectUserRadioButtonTest@32502377]" started-at="2022-06-24T17:08:03 IST" name="toCreateAndVerifyPurchaseOrderAndSelectUserRadioButtonTest" finished-at="2022-06-24T17:08:33 IST" duration-ms="29140" status="SKIP">
          <exception class="java.lang.AssertionError">
            <message>
              <![CDATA[null]]>
            </message>
            <full-stacktrace>
              <![CDATA[java.lang.AssertionError: null
at org.testng.Assert.fail(Assert.java:99)
at org.testng.Assert.fail(Assert.java:106)
at com.crm.purchaseOrder.ToCreateAndVerifyPurchaseOrderAndSelectUserRadioButtonTest.toCreateAndVerifyPurchaseOrderAndSelectUserRadioButtonTest(ToCreateAndVerifyPurchaseOrderAndSelectUserRadioButtonTest.java:167)
at java.base/jdk.internal.reflect.NativeMethodAccessorImpl.invoke0(Native Method)
at java.base/jdk.internal.reflect.NativeMethodAccessorImpl.invoke(NativeMethodAccessorImpl.java:78)
at java.base/jdk.internal.reflect.DelegatingMethodAccessorImpl.invoke(DelegatingMethodAccessorImpl.java:43)
at java.base/java.lang.reflect.Method.invoke(Method.java:567)
at org.testng.internal.MethodInvocationHelper.invokeMethod(MethodInvocationHelper.java:133)
at org.testng.internal.TestInvoker.invokeMethod(TestInvoker.java:598)
at org.testng.internal.TestInvoker.retryFailed(TestInvoker.java:213)
at org.testng.internal.MethodRunner.runInSequence(MethodRunner.java:58)
at org.testng.internal.TestInvoker$MethodInvocationAgent.invoke(TestInvoker.java:824)
at org.testng.internal.TestInvoker.invokeTestMethods(TestInvoker.java:146)
at org.testng.internal.TestMethodWorker.invokeTestMethods(TestMethodWorker.java:146)
at org.testng.internal.TestMethodWorker.run(TestMethodWorker.java:128)
at java.base/java.util.ArrayList.forEach(ArrayList.java:1511)
at org.testng.TestRunner.privateRun(TestRunner.java:794)
at org.testng.TestRunner.run(TestRunner.java:596)
at org.testng.SuiteRunner.runTest(SuiteRunner.java:377)
at org.testng.SuiteRunner.runSequentially(SuiteRunner.java:371)
at org.testng.SuiteRunner.privateRun(SuiteRunner.java:332)
at org.testng.SuiteRunner.run(SuiteRunner.java:276)
at org.testng.SuiteRunnerWorker.runSuite(SuiteRunnerWorker.java:53)
at org.testng.SuiteRunnerWorker.run(SuiteRunnerWorker.java:96)
at org.testng.TestNG.runSuitesSequentially(TestNG.java:1212)
at org.testng.TestNG.runSuitesLocally(TestNG.java:1134)
at org.testng.TestNG.runSuites(TestNG.java:1063)
at org.testng.TestNG.run(TestNG.java:1031)
at org.testng.remote.AbstractRemoteTestNG.run(AbstractRemoteTestNG.java:115)
at org.testng.remote.RemoteTestNG.initAndRun(RemoteTestNG.java:251)
at org.testng.remote.RemoteTestNG.main(RemoteTestNG.java:77)
]]>
            </full-stacktrace>
          </exception> <!-- java.lang.AssertionError -->
          <reporter-output>
          </reporter-output>
        </test-method> <!-- toCreateAndVerifyPurchaseOrderAndSelectUserRadioButtonTest -->
        <test-method is-config="true" signature="logOutFromAppln()[pri:0, instance:com.crm.purchaseOrder.ToCreateAndVerifyPurchaseOrderAndSelectUserRadioButtonTest@32502377]" started-at="2022-06-24T17:08:33 IST" name="logOutFromAppln" finished-at="2022-06-24T17:08:34 IST" duration-ms="1427" status="PASS">
          <reporter-output>
          </reporter-output>
        </test-method> <!-- logOutFromAppln -->
        <test-method is-config="true" signature="loginToAppln()[pri:0, instance:com.crm.purchaseOrder.ToCreateAndVerifyPurchaseOrderAndSelectUserRadioButtonTest@32502377]" started-at="2022-06-24T17:08:34 IST" name="loginToAppln" finished-at="2022-06-24T17:08:37 IST" duration-ms="2624" status="PASS">
          <reporter-output>
          </reporter-output>
        </test-method> <!-- loginToAppln -->
        <test-method retried="true" signature="toCreateAndVerifyPurchaseOrderAndSelectUserRadioButtonTest()[pri:0, instance:com.crm.purchaseOrder.ToCreateAndVerifyPurchaseOrderAndSelectUserRadioButtonTest@32502377]" started-at="2022-06-24T17:08:37 IST" name="toCreateAndVerifyPurchaseOrderAndSelectUserRadioButtonTest" finished-at="2022-06-24T17:09:09 IST" duration-ms="32578" status="SKIP">
          <exception class="java.lang.AssertionError">
            <message>
              <![CDATA[null]]>
            </message>
            <full-stacktrace>
              <![CDATA[java.lang.AssertionError: null
at org.testng.Assert.fail(Assert.java:99)
at org.testng.Assert.fail(Assert.java:106)
at com.crm.purchaseOrder.ToCreateAndVerifyPurchaseOrderAndSelectUserRadioButtonTest.toCreateAndVerifyPurchaseOrderAndSelectUserRadioButtonTest(ToCreateAndVerifyPurchaseOrderAndSelectUserRadioButtonTest.java:167)
at java.base/jdk.internal.reflect.NativeMethodAccessorImpl.invoke0(Native Method)
at java.base/jdk.internal.reflect.NativeMethodAccessorImpl.invoke(NativeMethodAccessorImpl.java:78)
at java.base/jdk.internal.reflect.DelegatingMethodAccessorImpl.invoke(DelegatingMethodAccessorImpl.java:43)
at java.base/java.lang.reflect.Method.invoke(Method.java:567)
at org.testng.internal.MethodInvocationHelper.invokeMethod(MethodInvocationHelper.java:133)
at org.testng.internal.TestInvoker.invokeMethod(TestInvoker.java:598)
at org.testng.internal.TestInvoker.retryFailed(TestInvoker.java:213)
at org.testng.internal.MethodRunner.runInSequence(MethodRunner.java:58)
at org.testng.internal.TestInvoker$MethodInvocationAgent.invoke(TestInvoker.java:824)
at org.testng.internal.TestInvoker.invokeTestMethods(TestInvoker.java:146)
at org.testng.internal.TestMethodWorker.invokeTestMethods(TestMethodWorker.java:146)
at org.testng.internal.TestMethodWorker.run(TestMethodWorker.java:128)
at java.base/java.util.ArrayList.forEach(ArrayList.java:1511)
at org.testng.TestRunner.privateRun(TestRunner.java:794)
at org.testng.TestRunner.run(TestRunner.java:596)
at org.testng.SuiteRunner.runTest(SuiteRunner.java:377)
at org.testng.SuiteRunner.runSequentially(SuiteRunner.java:371)
at org.testng.SuiteRunner.privateRun(SuiteRunner.java:332)
at org.testng.SuiteRunner.run(SuiteRunner.java:276)
at org.testng.SuiteRunnerWorker.runSuite(SuiteRunnerWorker.java:53)
at org.testng.SuiteRunnerWorker.run(SuiteRunnerWorker.java:96)
at org.testng.TestNG.runSuitesSequentially(TestNG.java:1212)
at org.testng.TestNG.runSuitesLocally(TestNG.java:1134)
at org.testng.TestNG.runSuites(TestNG.java:1063)
at org.testng.TestNG.run(TestNG.java:1031)
at org.testng.remote.AbstractRemoteTestNG.run(AbstractRemoteTestNG.java:115)
at org.testng.remote.RemoteTestNG.initAndRun(RemoteTestNG.java:251)
at org.testng.remote.RemoteTestNG.main(RemoteTestNG.java:77)
]]>
            </full-stacktrace>
          </exception> <!-- java.lang.AssertionError -->
          <reporter-output>
          </reporter-output>
        </test-method> <!-- toCreateAndVerifyPurchaseOrderAndSelectUserRadioButtonTest -->
        <test-method is-config="true" signature="logOutFromAppln()[pri:0, instance:com.crm.purchaseOrder.ToCreateAndVerifyPurchaseOrderAndSelectUserRadioButtonTest@32502377]" started-at="2022-06-24T17:09:09 IST" name="logOutFromAppln" finished-at="2022-06-24T17:09:11 IST" duration-ms="1578" status="PASS">
          <reporter-output>
          </reporter-output>
        </test-method> <!-- logOutFromAppln -->
        <test-method is-config="true" signature="loginToAppln()[pri:0, instance:com.crm.purchaseOrder.ToCreateAndVerifyPurchaseOrderAndSelectUserRadioButtonTest@32502377]" started-at="2022-06-24T17:09:11 IST" name="loginToAppln" finished-at="2022-06-24T17:09:14 IST" duration-ms="2664" status="PASS">
          <reporter-output>
          </reporter-output>
        </test-method> <!-- loginToAppln -->
        <test-method signature="toCreateAndVerifyPurchaseOrderAndSelectUserRadioButtonTest()[pri:0, instance:com.crm.purchaseOrder.ToCreateAndVerifyPurchaseOrderAndSelectUserRadioButtonTest@32502377]" started-at="2022-06-24T17:09:14 IST" name="toCreateAndVerifyPurchaseOrderAndSelectUserRadioButtonTest" finished-at="2022-06-24T17:09:44 IST" duration-ms="30659" status="FAIL">
          <exception class="java.lang.AssertionError">
            <message>
              <![CDATA[null]]>
            </message>
            <full-stacktrace>
              <![CDATA[java.lang.AssertionError: null
at org.testng.Assert.fail(Assert.java:99)
at org.testng.Assert.fail(Assert.java:106)
at com.crm.purchaseOrder.ToCreateAndVerifyPurchaseOrderAndSelectUserRadioButtonTest.toCreateAndVerifyPurchaseOrderAndSelectUserRadioButtonTest(ToCreateAndVerifyPurchaseOrderAndSelectUserRadioButtonTest.java:167)
at java.base/jdk.internal.reflect.NativeMethodAccessorImpl.invoke0(Native Method)
at java.base/jdk.internal.reflect.NativeMethodAccessorImpl.invoke(NativeMethodAccessorImpl.java:78)
at java.base/jdk.internal.reflect.DelegatingMethodAccessorImpl.invoke(DelegatingMethodAccessorImpl.java:43)
at java.base/java.lang.reflect.Method.invoke(Method.java:567)
at org.testng.internal.MethodInvocationHelper.invokeMethod(MethodInvocationHelper.java:133)
at org.testng.internal.TestInvoker.invokeMethod(TestInvoker.java:598)
at org.testng.internal.TestInvoker.retryFailed(TestInvoker.java:213)
at org.testng.internal.MethodRunner.runInSequence(MethodRunner.java:58)
at org.testng.internal.TestInvoker$MethodInvocationAgent.invoke(TestInvoker.java:824)
at org.testng.internal.TestInvoker.invokeTestMethods(TestInvoker.java:146)
at org.testng.internal.TestMethodWorker.invokeTestMethods(TestMethodWorker.java:146)
at org.testng.internal.TestMethodWorker.run(TestMethodWorker.java:128)
at java.base/java.util.ArrayList.forEach(ArrayList.java:1511)
at org.testng.TestRunner.privateRun(TestRunner.java:794)
at org.testng.TestRunner.run(TestRunner.java:596)
at org.testng.SuiteRunner.runTest(SuiteRunner.java:377)
at org.testng.SuiteRunner.runSequentially(SuiteRunner.java:371)
at org.testng.SuiteRunner.privateRun(SuiteRunner.java:332)
at org.testng.SuiteRunner.run(SuiteRunner.java:276)
at org.testng.SuiteRunnerWorker.runSuite(SuiteRunnerWorker.java:53)
at org.testng.SuiteRunnerWorker.run(SuiteRunnerWorker.java:96)
at org.testng.TestNG.runSuitesSequentially(TestNG.java:1212)
at org.testng.TestNG.runSuitesLocally(TestNG.java:1134)
at org.testng.TestNG.runSuites(TestNG.java:1063)
at org.testng.TestNG.run(TestNG.java:1031)
at org.testng.remote.AbstractRemoteTestNG.run(AbstractRemoteTestNG.java:115)
at org.testng.remote.RemoteTestNG.initAndRun(RemoteTestNG.java:251)
at org.testng.remote.RemoteTestNG.main(RemoteTestNG.java:77)
]]>
            </full-stacktrace>
          </exception> <!-- java.lang.AssertionError -->
          <reporter-output>
          </reporter-output>
        </test-method> <!-- toCreateAndVerifyPurchaseOrderAndSelectUserRadioButtonTest -->
        <test-method is-config="true" signature="logOutFromAppln()[pri:0, instance:com.crm.purchaseOrder.ToCreateAndVerifyPurchaseOrderAndSelectUserRadioButtonTest@32502377]" started-at="2022-06-24T17:09:44 IST" name="logOutFromAppln" finished-at="2022-06-24T17:09:46 IST" duration-ms="1298" status="PASS">
          <reporter-output>
          </reporter-output>
        </test-method> <!-- logOutFromAppln -->
        <test-method is-config="true" signature="closeTheBrowser()[pri:0, instance:com.crm.purchaseOrder.ToCreateAndVerifyPurchaseOrderAndSelectUserRadioButtonTest@32502377]" started-at="2022-06-24T17:09:46 IST" name="closeTheBrowser" finished-at="2022-06-24T17:09:47 IST" duration-ms="1425" status="PASS">
          <reporter-output>
          </reporter-output>
        </test-method> <!-- closeTheBrowser -->
        <test-method is-config="true" signature="closeTheDataBase()[pri:0, instance:com.crm.purchaseOrder.ToCreateAndVerifyPurchaseOrderAndSelectUserRadioButtonTest@32502377]" started-at="2022-06-24T17:09:48 IST" name="closeTheDataBase" finished-at="2022-06-24T17:09:48 IST" duration-ms="0" status="PASS">
          <reporter-output>
          </reporter-output>
        </test-method> <!-- closeTheDataBase -->
      </class> <!-- com.crm.purchaseOrder.ToCreateAndVerifyPurchaseOrderAndSelectUserRadioButtonTest -->
    </test> <!-- Default test -->
  </suite> <!-- Default suite -->
</testng-results>
