<html>
<head>
<title>TestNG:  Test</title>
<link href="../testng.css" rel="stylesheet" type="text/css" />
<link href="../my-testng.css" rel="stylesheet" type="text/css" />

<style type="text/css">
.log { display: none;} 
.stack-trace { display: none;} 
</style>
<script type="text/javascript">
<!--
function flip(e) {
  current = e.style.display;
  if (current == 'block') {
    e.style.display = 'none';
    return 0;
  }
  else {
    e.style.display = 'block';
    return 1;
  }
}

function toggleBox(szDivId, elem, msg1, msg2)
{
  var res = -1;  if (document.getElementById) {
    res = flip(document.getElementById(szDivId));
  }
  else if (document.all) {
    // this is the way old msie versions work
    res = flip(document.all[szDivId]);
  }
  if(elem) {
    if(res == 0) elem.innerHTML = msg1; else elem.innerHTML = msg2;
  }

}

function toggleAllBoxes() {
  if (document.getElementsByTagName) {
    d = document.getElementsByTagName('div');
    for (i = 0; i < d.length; i++) {
      if (d[i].className == 'log') {
        flip(d[i]);
      }
    }
  }
}

// -->
</script>

</head>
<body>
<h2 align='center'>Test</h2><table border='1' align="center">
<tr>
<td>Tests passed/Failed/Skipped:</td><td>0/2/8</td>
</tr><tr>
<td>Started on:</td><td>Sat Jun 18 15:22:55 IST 2022</td>
</tr>
<tr><td>Total time:</td><td>55 seconds (55339 ms)</td>
</tr><tr>
<td>Included groups:</td><td></td>
</tr><tr>
<td>Excluded groups:</td><td></td>
</tr>
</table><p/>
<small><i>(Hover the method name to see the test class name)</i></small><p/>
<table width='100%' border='1' class='invocation-failed'>
<tr><td colspan='4' align='center'><b>FAILED CONFIGURATIONS</b></td></tr>
<tr><td><b>Test method</b></td>
<td width="30%"><b>Exception</b></td>
<td width="10%"><b>Time (seconds)</b></td>
<td><b>Instance</b></td>
</tr>
<tr>
<td title='com.crm.createAndVerifyContacts.ToCreateAndVerifyContactsTest.logOutFromAppln()'><b>logOutFromAppln</b><br>Test class: com.crm.createAndVerifyContacts.ToCreateAndVerifyContactsTest</td>
<td><div><pre>java.lang.Error: Unresolved compilation problems: 
	Syntax error on token &quot;t&quot;, invalid Modifiers
	Syntax error, type annotations are available only when source level is at least 1.8

	at com.crm.objectRepository.HomePage.&lt;init&gt;(HomePage.java:34)
	at com.crm.genericutility.BaseClass.logOutFromAppln(BaseClass.java:83)
	at java.base/java.util.ArrayList.forEach(ArrayList.java:1511)
... Removed 32 stack frames</pre></div><a href='#' onClick='toggleBox("stack-trace564143446", this, "Click to show all stack frames", "Click to hide stack frames")'>Click to show all stack frames</a>
<div class='stack-trace' id='stack-trace564143446'><pre>java.lang.Error: Unresolved compilation problems: 
	Syntax error on token &quot;t&quot;, invalid Modifiers
	Syntax error, type annotations are available only when source level is at least 1.8

	at com.crm.objectRepository.HomePage.&lt;init&gt;(HomePage.java:34)
	at com.crm.genericutility.BaseClass.logOutFromAppln(BaseClass.java:83)
	at java.base/jdk.internal.reflect.NativeMethodAccessorImpl.invoke0(Native Method)
	at java.base/jdk.internal.reflect.NativeMethodAccessorImpl.invoke(NativeMethodAccessorImpl.java:78)
	at java.base/jdk.internal.reflect.DelegatingMethodAccessorImpl.invoke(DelegatingMethodAccessorImpl.java:43)
	at java.base/java.lang.reflect.Method.invoke(Method.java:567)
	at org.testng.internal.MethodInvocationHelper.invokeMethod(MethodInvocationHelper.java:133)
	at org.testng.internal.MethodInvocationHelper.invokeMethodConsideringTimeout(MethodInvocationHelper.java:62)
	at org.testng.internal.ConfigInvoker.invokeConfigurationMethod(ConfigInvoker.java:385)
	at org.testng.internal.ConfigInvoker.invokeConfigurations(ConfigInvoker.java:321)
	at org.testng.internal.TestInvoker.runConfigMethods(TestInvoker.java:700)
	at org.testng.internal.TestInvoker.runAfterGroupsConfigurations(TestInvoker.java:676)
	at org.testng.internal.TestInvoker.invokeMethod(TestInvoker.java:660)
	at org.testng.internal.TestInvoker.invokeTestMethod(TestInvoker.java:173)
	at org.testng.internal.MethodRunner.runInSequence(MethodRunner.java:46)
	at org.testng.internal.TestInvoker$MethodInvocationAgent.invoke(TestInvoker.java:824)
	at org.testng.internal.TestInvoker.invokeTestMethods(TestInvoker.java:146)
	at org.testng.internal.TestMethodWorker.invokeTestMethods(TestMethodWorker.java:146)
	at org.testng.internal.TestMethodWorker.run(TestMethodWorker.java:128)
	at java.base/java.util.ArrayList.forEach(ArrayList.java:1511)
	at org.testng.TestRunner.privateRun(TestRunner.java:794)
	at org.testng.TestRunner.run(TestRunner.java:596)
	at org.testng.SuiteRunner.runTest(SuiteRunner.java:377)
	at org.testng.SuiteRunner.runSequentially(SuiteRunner.java:371)
	at org.testng.SuiteRunner.privateRun(SuiteRunner.java:332)
	at org.testng.SuiteRunner.run(SuiteRunner.java:276)
	at org.testng.SuiteRunnerWorker.runSuite(SuiteRunnerWorker.java:53)
	at org.testng.SuiteRunnerWorker.run(SuiteRunnerWorker.java:96)
	at org.testng.TestNG.runSuitesSequentially(TestNG.java:1212)
	at org.testng.TestNG.runSuitesLocally(TestNG.java:1134)
	at org.testng.TestNG.runSuites(TestNG.java:1063)
	at org.testng.TestNG.run(TestNG.java:1031)
	at org.testng.remote.AbstractRemoteTestNG.run(AbstractRemoteTestNG.java:115)
	at org.testng.remote.RemoteTestNG.initAndRun(RemoteTestNG.java:251)
	at org.testng.remote.RemoteTestNG.main(RemoteTestNG.java:77)
</pre></div></td>
<td>0</td>
<td>com.crm.createAndVerifyContacts.ToCreateAndVerifyContactsTest@2ea41516</td></tr>
<tr>
<td title='com.crm.createAndVerifyContacts.ToCreateAndVerifyContactsWithOrgansiationTest.logOutFromAppln()'><b>logOutFromAppln</b><br>Test class: com.crm.createAndVerifyContacts.ToCreateAndVerifyContactsWithOrgansiationTest</td>
<td><div><pre>java.lang.Error: Unresolved compilation problems: 
	Syntax error on token &quot;t&quot;, invalid Modifiers
	Syntax error, type annotations are available only when source level is at least 1.8

	at com.crm.objectRepository.HomePage.&lt;init&gt;(HomePage.java:34)
	at com.crm.genericutility.BaseClass.logOutFromAppln(BaseClass.java:83)
	at java.base/java.util.ArrayList.forEach(ArrayList.java:1511)
... Removed 32 stack frames</pre></div><a href='#' onClick='toggleBox("stack-trace1243227501", this, "Click to show all stack frames", "Click to hide stack frames")'>Click to show all stack frames</a>
<div class='stack-trace' id='stack-trace1243227501'><pre>java.lang.Error: Unresolved compilation problems: 
	Syntax error on token &quot;t&quot;, invalid Modifiers
	Syntax error, type annotations are available only when source level is at least 1.8

	at com.crm.objectRepository.HomePage.&lt;init&gt;(HomePage.java:34)
	at com.crm.genericutility.BaseClass.logOutFromAppln(BaseClass.java:83)
	at java.base/jdk.internal.reflect.NativeMethodAccessorImpl.invoke0(Native Method)
	at java.base/jdk.internal.reflect.NativeMethodAccessorImpl.invoke(NativeMethodAccessorImpl.java:78)
	at java.base/jdk.internal.reflect.DelegatingMethodAccessorImpl.invoke(DelegatingMethodAccessorImpl.java:43)
	at java.base/java.lang.reflect.Method.invoke(Method.java:567)
	at org.testng.internal.MethodInvocationHelper.invokeMethod(MethodInvocationHelper.java:133)
	at org.testng.internal.MethodInvocationHelper.invokeMethodConsideringTimeout(MethodInvocationHelper.java:62)
	at org.testng.internal.ConfigInvoker.invokeConfigurationMethod(ConfigInvoker.java:385)
	at org.testng.internal.ConfigInvoker.invokeConfigurations(ConfigInvoker.java:321)
	at org.testng.internal.TestInvoker.runConfigMethods(TestInvoker.java:700)
	at org.testng.internal.TestInvoker.runAfterGroupsConfigurations(TestInvoker.java:676)
	at org.testng.internal.TestInvoker.invokeMethod(TestInvoker.java:660)
	at org.testng.internal.TestInvoker.invokeTestMethod(TestInvoker.java:173)
	at org.testng.internal.MethodRunner.runInSequence(MethodRunner.java:46)
	at org.testng.internal.TestInvoker$MethodInvocationAgent.invoke(TestInvoker.java:824)
	at org.testng.internal.TestInvoker.invokeTestMethods(TestInvoker.java:146)
	at org.testng.internal.TestMethodWorker.invokeTestMethods(TestMethodWorker.java:146)
	at org.testng.internal.TestMethodWorker.run(TestMethodWorker.java:128)
	at java.base/java.util.ArrayList.forEach(ArrayList.java:1511)
	at org.testng.TestRunner.privateRun(TestRunner.java:794)
	at org.testng.TestRunner.run(TestRunner.java:596)
	at org.testng.SuiteRunner.runTest(SuiteRunner.java:377)
	at org.testng.SuiteRunner.runSequentially(SuiteRunner.java:371)
	at org.testng.SuiteRunner.privateRun(SuiteRunner.java:332)
	at org.testng.SuiteRunner.run(SuiteRunner.java:276)
	at org.testng.SuiteRunnerWorker.runSuite(SuiteRunnerWorker.java:53)
	at org.testng.SuiteRunnerWorker.run(SuiteRunnerWorker.java:96)
	at org.testng.TestNG.runSuitesSequentially(TestNG.java:1212)
	at org.testng.TestNG.runSuitesLocally(TestNG.java:1134)
	at org.testng.TestNG.runSuites(TestNG.java:1063)
	at org.testng.TestNG.run(TestNG.java:1031)
	at org.testng.remote.AbstractRemoteTestNG.run(AbstractRemoteTestNG.java:115)
	at org.testng.remote.RemoteTestNG.initAndRun(RemoteTestNG.java:251)
	at org.testng.remote.RemoteTestNG.main(RemoteTestNG.java:77)
</pre></div></td>
<td>0</td>
<td>com.crm.createAndVerifyContacts.ToCreateAndVerifyContactsWithOrgansiationTest@316bcf94</td></tr>
</table><p>
<table width='100%' border='1' class='invocation-skipped'>
<tr><td colspan='4' align='center'><b>SKIPPED CONFIGURATIONS</b></td></tr>
<tr><td><b>Test method</b></td>
<td width="30%"><b>Exception</b></td>
<td width="10%"><b>Time (seconds)</b></td>
<td><b>Instance</b></td>
</tr>
<tr>
<td title='com.crm.createAndVerifyContacts.ToCreateAndVerifyContactsWithOrgansiationTest.loginToAppln()'><b>loginToAppln</b><br>Test class: com.crm.createAndVerifyContacts.ToCreateAndVerifyContactsWithOrgansiationTest</td>
<td></td>
<td>-1655546029</td>
<td>com.crm.createAndVerifyContacts.ToCreateAndVerifyContactsWithOrgansiationTest@316bcf94</td></tr>
<tr>
<td title='com.crm.createAndVerifyContacts.ToCreateAndVerifyContactsWithOrgansiationTest.logOutFromAppln()'><b>logOutFromAppln</b><br>Test class: com.crm.createAndVerifyContacts.ToCreateAndVerifyContactsWithOrgansiationTest</td>
<td></td>
<td>-1655546030</td>
<td>com.crm.createAndVerifyContacts.ToCreateAndVerifyContactsWithOrgansiationTest@316bcf94</td></tr>
<tr>
<td title='com.crm.createAndVerifyContacts.ToCreateAndVerifyContactsTest.logOutFromAppln()'><b>logOutFromAppln</b><br>Test class: com.crm.createAndVerifyContacts.ToCreateAndVerifyContactsTest</td>
<td></td>
<td>-1655546009</td>
<td>com.crm.createAndVerifyContacts.ToCreateAndVerifyContactsTest@2ea41516</td></tr>
<tr>
<td title='com.crm.createAndVerifyContacts.ToCreateAndVerifyContactsTest.logOutFromAppln()'><b>logOutFromAppln</b><br>Test class: com.crm.createAndVerifyContacts.ToCreateAndVerifyContactsTest</td>
<td></td>
<td>-1655546012</td>
<td>com.crm.createAndVerifyContacts.ToCreateAndVerifyContactsTest@2ea41516</td></tr>
<tr>
<td title='com.crm.createAndVerifyContacts.ToCreateAndVerifyContactsWithOrgansiationTest.logOutFromAppln()'><b>logOutFromAppln</b><br>Test class: com.crm.createAndVerifyContacts.ToCreateAndVerifyContactsWithOrgansiationTest</td>
<td></td>
<td>-1655546028</td>
<td>com.crm.createAndVerifyContacts.ToCreateAndVerifyContactsWithOrgansiationTest@316bcf94</td></tr>
<tr>
<td title='com.crm.createAndVerifyContacts.ToCreateAndVerifyContactsWithOrgansiationTest.closeTheBrowser()'><b>closeTheBrowser</b><br>Test class: com.crm.createAndVerifyContacts.ToCreateAndVerifyContactsWithOrgansiationTest</td>
<td></td>
<td>-1655546030</td>
<td>com.crm.createAndVerifyContacts.ToCreateAndVerifyContactsWithOrgansiationTest@316bcf94</td></tr>
<tr>
<td title='com.crm.createAndVerifyContacts.ToCreateAndVerifyContactsTest.loginToAppln()'><b>loginToAppln</b><br>Test class: com.crm.createAndVerifyContacts.ToCreateAndVerifyContactsTest</td>
<td></td>
<td>-1655546011</td>
<td>com.crm.createAndVerifyContacts.ToCreateAndVerifyContactsTest@2ea41516</td></tr>
<tr>
<td title='com.crm.createAndVerifyContacts.ToCreateAndVerifyContactsWithOrgansiationTest.loginToAppln()'><b>loginToAppln</b><br>Test class: com.crm.createAndVerifyContacts.ToCreateAndVerifyContactsWithOrgansiationTest</td>
<td></td>
<td>-1655546027</td>
<td>com.crm.createAndVerifyContacts.ToCreateAndVerifyContactsWithOrgansiationTest@316bcf94</td></tr>
<tr>
<td title='com.crm.createAndVerifyContacts.ToCreateAndVerifyContactsTest.logOutFromAppln()'><b>logOutFromAppln</b><br>Test class: com.crm.createAndVerifyContacts.ToCreateAndVerifyContactsTest</td>
<td></td>
<td>-1655546011</td>
<td>com.crm.createAndVerifyContacts.ToCreateAndVerifyContactsTest@2ea41516</td></tr>
<tr>
<td title='com.crm.createAndVerifyContacts.ToCreateAndVerifyContactsWithOrgansiationTest.loginToAppln()'><b>loginToAppln</b><br>Test class: com.crm.createAndVerifyContacts.ToCreateAndVerifyContactsWithOrgansiationTest</td>
<td></td>
<td>-1655546028</td>
<td>com.crm.createAndVerifyContacts.ToCreateAndVerifyContactsWithOrgansiationTest@316bcf94</td></tr>
<tr>
<td title='com.crm.createAndVerifyContacts.ToCreateAndVerifyContactsTest.logOutFromAppln()'><b>logOutFromAppln</b><br>Test class: com.crm.createAndVerifyContacts.ToCreateAndVerifyContactsTest</td>
<td></td>
<td>-1655546008</td>
<td>com.crm.createAndVerifyContacts.ToCreateAndVerifyContactsTest@2ea41516</td></tr>
<tr>
<td title='com.crm.createAndVerifyContacts.ToCreateAndVerifyContactsTest.loginToAppln()'><b>loginToAppln</b><br>Test class: com.crm.createAndVerifyContacts.ToCreateAndVerifyContactsTest</td>
<td></td>
<td>-1655546008</td>
<td>com.crm.createAndVerifyContacts.ToCreateAndVerifyContactsTest@2ea41516</td></tr>
<tr>
<td title='com.crm.createAndVerifyContacts.ToCreateAndVerifyContactsTest.loginToAppln()'><b>loginToAppln</b><br>Test class: com.crm.createAndVerifyContacts.ToCreateAndVerifyContactsTest</td>
<td></td>
<td>-1655546009</td>
<td>com.crm.createAndVerifyContacts.ToCreateAndVerifyContactsTest@2ea41516</td></tr>
<tr>
<td title='com.crm.createAndVerifyContacts.ToCreateAndVerifyContactsTest.loginToAppln()'><b>loginToAppln</b><br>Test class: com.crm.createAndVerifyContacts.ToCreateAndVerifyContactsTest</td>
<td></td>
<td>-1655546007</td>
<td>com.crm.createAndVerifyContacts.ToCreateAndVerifyContactsTest@2ea41516</td></tr>
<tr>
<td title='com.crm.createAndVerifyContacts.ToCreateAndVerifyContactsWithOrgansiationTest.loginToAppln()'><b>loginToAppln</b><br>Test class: com.crm.createAndVerifyContacts.ToCreateAndVerifyContactsWithOrgansiationTest</td>
<td></td>
<td>-1655546028</td>
<td>com.crm.createAndVerifyContacts.ToCreateAndVerifyContactsWithOrgansiationTest@316bcf94</td></tr>
<tr>
<td title='com.crm.createAndVerifyContacts.ToCreateAndVerifyContactsWithOrgansiationTest.logOutFromAppln()'><b>logOutFromAppln</b><br>Test class: com.crm.createAndVerifyContacts.ToCreateAndVerifyContactsWithOrgansiationTest</td>
<td></td>
<td>-1655546028</td>
<td>com.crm.createAndVerifyContacts.ToCreateAndVerifyContactsWithOrgansiationTest@316bcf94</td></tr>
<tr>
<td title='com.crm.createAndVerifyContacts.ToCreateAndVerifyContactsWithOrgansiationTest.logOutFromAppln()'><b>logOutFromAppln</b><br>Test class: com.crm.createAndVerifyContacts.ToCreateAndVerifyContactsWithOrgansiationTest</td>
<td></td>
<td>-1655546029</td>
<td>com.crm.createAndVerifyContacts.ToCreateAndVerifyContactsWithOrgansiationTest@316bcf94</td></tr>
<tr>
<td title='com.crm.createAndVerifyContacts.ToCreateAndVerifyContactsTest.closeTheBrowser()'><b>closeTheBrowser</b><br>Test class: com.crm.createAndVerifyContacts.ToCreateAndVerifyContactsTest</td>
<td></td>
<td>-1655546012</td>
<td>com.crm.createAndVerifyContacts.ToCreateAndVerifyContactsTest@2ea41516</td></tr>
</table><p>
<table width='100%' border='1' class='invocation-failed'>
<tr><td colspan='4' align='center'><b>FAILED TESTS</b></td></tr>
<tr><td><b>Test method</b></td>
<td width="30%"><b>Exception</b></td>
<td width="10%"><b>Time (seconds)</b></td>
<td><b>Instance</b></td>
</tr>
<tr>
<td title='com.crm.createAndVerifyContacts.ToCreateAndVerifyContactsTest.toCreateAndVerifyContactsTest()'><b>toCreateAndVerifyContactsTest</b><br>Test class: com.crm.createAndVerifyContacts.ToCreateAndVerifyContactsTest</td>
<td><div><pre>java.lang.Error: Unresolved compilation problems: 
	Syntax error on token &quot;t&quot;, invalid Modifiers
	Syntax error, type annotations are available only when source level is at least 1.8

	at com.crm.objectRepository.HomePage.&lt;init&gt;(HomePage.java:34)
	at com.crm.createAndVerifyContacts.ToCreateAndVerifyContactsTest.toCreateAndVerifyContactsTest(ToCreateAndVerifyContactsTest.java:44)
	at java.base/java.util.ArrayList.forEach(ArrayList.java:1511)
... Removed 27 stack frames</pre></div><a href='#' onClick='toggleBox("stack-trace129958347", this, "Click to show all stack frames", "Click to hide stack frames")'>Click to show all stack frames</a>
<div class='stack-trace' id='stack-trace129958347'><pre>java.lang.Error: Unresolved compilation problems: 
	Syntax error on token &quot;t&quot;, invalid Modifiers
	Syntax error, type annotations are available only when source level is at least 1.8

	at com.crm.objectRepository.HomePage.&lt;init&gt;(HomePage.java:34)
	at com.crm.createAndVerifyContacts.ToCreateAndVerifyContactsTest.toCreateAndVerifyContactsTest(ToCreateAndVerifyContactsTest.java:44)
	at java.base/jdk.internal.reflect.NativeMethodAccessorImpl.invoke0(Native Method)
	at java.base/jdk.internal.reflect.NativeMethodAccessorImpl.invoke(NativeMethodAccessorImpl.java:78)
	at java.base/jdk.internal.reflect.DelegatingMethodAccessorImpl.invoke(DelegatingMethodAccessorImpl.java:43)
	at java.base/java.lang.reflect.Method.invoke(Method.java:567)
	at org.testng.internal.MethodInvocationHelper.invokeMethod(MethodInvocationHelper.java:133)
	at org.testng.internal.TestInvoker.invokeMethod(TestInvoker.java:598)
	at org.testng.internal.TestInvoker.retryFailed(TestInvoker.java:213)
	at org.testng.internal.MethodRunner.runInSequence(MethodRunner.java:58)
	at org.testng.internal.TestInvoker$MethodInvocationAgent.invoke(TestInvoker.java:824)
	at org.testng.internal.TestInvoker.invokeTestMethods(TestInvoker.java:146)
	at org.testng.internal.TestMethodWorker.invokeTestMethods(TestMethodWorker.java:146)
	at org.testng.internal.TestMethodWorker.run(TestMethodWorker.java:128)
	at java.base/java.util.ArrayList.forEach(ArrayList.java:1511)
	at org.testng.TestRunner.privateRun(TestRunner.java:794)
	at org.testng.TestRunner.run(TestRunner.java:596)
	at org.testng.SuiteRunner.runTest(SuiteRunner.java:377)
	at org.testng.SuiteRunner.runSequentially(SuiteRunner.java:371)
	at org.testng.SuiteRunner.privateRun(SuiteRunner.java:332)
	at org.testng.SuiteRunner.run(SuiteRunner.java:276)
	at org.testng.SuiteRunnerWorker.runSuite(SuiteRunnerWorker.java:53)
	at org.testng.SuiteRunnerWorker.run(SuiteRunnerWorker.java:96)
	at org.testng.TestNG.runSuitesSequentially(TestNG.java:1212)
	at org.testng.TestNG.runSuitesLocally(TestNG.java:1134)
	at org.testng.TestNG.runSuites(TestNG.java:1063)
	at org.testng.TestNG.run(TestNG.java:1031)
	at org.testng.remote.AbstractRemoteTestNG.run(AbstractRemoteTestNG.java:115)
	at org.testng.remote.RemoteTestNG.initAndRun(RemoteTestNG.java:251)
	at org.testng.remote.RemoteTestNG.main(RemoteTestNG.java:77)
</pre></div></td>
<td>0</td>
<td>com.crm.createAndVerifyContacts.ToCreateAndVerifyContactsTest@2ea41516</td></tr>
<tr>
<td title='com.crm.createAndVerifyContacts.ToCreateAndVerifyContactsWithOrgansiationTest.toCreateAndVerifyContactsWithOrgansiationTest()'><b>toCreateAndVerifyContactsWithOrgansiationTest</b><br>Test class: com.crm.createAndVerifyContacts.ToCreateAndVerifyContactsWithOrgansiationTest</td>
<td><div><pre>java.lang.Error: Unresolved compilation problems: 
	Syntax error on token &quot;t&quot;, invalid Modifiers
	Syntax error, type annotations are available only when source level is at least 1.8

	at com.crm.objectRepository.HomePage.&lt;init&gt;(HomePage.java:34)
	at com.crm.createAndVerifyContacts.ToCreateAndVerifyContactsWithOrgansiationTest.toCreateAndVerifyContactsWithOrgansiationTest(ToCreateAndVerifyContactsWithOrgansiationTest.java:41)
	at java.base/java.util.ArrayList.forEach(ArrayList.java:1511)
... Removed 27 stack frames</pre></div><a href='#' onClick='toggleBox("stack-trace945683299", this, "Click to show all stack frames", "Click to hide stack frames")'>Click to show all stack frames</a>
<div class='stack-trace' id='stack-trace945683299'><pre>java.lang.Error: Unresolved compilation problems: 
	Syntax error on token &quot;t&quot;, invalid Modifiers
	Syntax error, type annotations are available only when source level is at least 1.8

	at com.crm.objectRepository.HomePage.&lt;init&gt;(HomePage.java:34)
	at com.crm.createAndVerifyContacts.ToCreateAndVerifyContactsWithOrgansiationTest.toCreateAndVerifyContactsWithOrgansiationTest(ToCreateAndVerifyContactsWithOrgansiationTest.java:41)
	at java.base/jdk.internal.reflect.NativeMethodAccessorImpl.invoke0(Native Method)
	at java.base/jdk.internal.reflect.NativeMethodAccessorImpl.invoke(NativeMethodAccessorImpl.java:78)
	at java.base/jdk.internal.reflect.DelegatingMethodAccessorImpl.invoke(DelegatingMethodAccessorImpl.java:43)
	at java.base/java.lang.reflect.Method.invoke(Method.java:567)
	at org.testng.internal.MethodInvocationHelper.invokeMethod(MethodInvocationHelper.java:133)
	at org.testng.internal.TestInvoker.invokeMethod(TestInvoker.java:598)
	at org.testng.internal.TestInvoker.retryFailed(TestInvoker.java:213)
	at org.testng.internal.MethodRunner.runInSequence(MethodRunner.java:58)
	at org.testng.internal.TestInvoker$MethodInvocationAgent.invoke(TestInvoker.java:824)
	at org.testng.internal.TestInvoker.invokeTestMethods(TestInvoker.java:146)
	at org.testng.internal.TestMethodWorker.invokeTestMethods(TestMethodWorker.java:146)
	at org.testng.internal.TestMethodWorker.run(TestMethodWorker.java:128)
	at java.base/java.util.ArrayList.forEach(ArrayList.java:1511)
	at org.testng.TestRunner.privateRun(TestRunner.java:794)
	at org.testng.TestRunner.run(TestRunner.java:596)
	at org.testng.SuiteRunner.runTest(SuiteRunner.java:377)
	at org.testng.SuiteRunner.runSequentially(SuiteRunner.java:371)
	at org.testng.SuiteRunner.privateRun(SuiteRunner.java:332)
	at org.testng.SuiteRunner.run(SuiteRunner.java:276)
	at org.testng.SuiteRunnerWorker.runSuite(SuiteRunnerWorker.java:53)
	at org.testng.SuiteRunnerWorker.run(SuiteRunnerWorker.java:96)
	at org.testng.TestNG.runSuitesSequentially(TestNG.java:1212)
	at org.testng.TestNG.runSuitesLocally(TestNG.java:1134)
	at org.testng.TestNG.runSuites(TestNG.java:1063)
	at org.testng.TestNG.run(TestNG.java:1031)
	at org.testng.remote.AbstractRemoteTestNG.run(AbstractRemoteTestNG.java:115)
	at org.testng.remote.RemoteTestNG.initAndRun(RemoteTestNG.java:251)
	at org.testng.remote.RemoteTestNG.main(RemoteTestNG.java:77)
</pre></div></td>
<td>0</td>
<td>com.crm.createAndVerifyContacts.ToCreateAndVerifyContactsWithOrgansiationTest@316bcf94</td></tr>
</table><p>
<table width='100%' border='1' class='invocation-skipped'>
<tr><td colspan='4' align='center'><b>SKIPPED TESTS</b></td></tr>
<tr><td><b>Test method</b></td>
<td width="30%"><b>Exception</b></td>
<td width="10%"><b>Time (seconds)</b></td>
<td><b>Instance</b></td>
</tr>
<tr>
<td title='com.crm.createAndVerifyContacts.ToCreateAndVerifyContactsTest.toCreateAndVerifyContactsTest()'><b>toCreateAndVerifyContactsTest</b><br>Test class: com.crm.createAndVerifyContacts.ToCreateAndVerifyContactsTest</td>
<td><div><pre>java.lang.Error: Unresolved compilation problems: 
	Syntax error on token &quot;t&quot;, invalid Modifiers
	Syntax error, type annotations are available only when source level is at least 1.8

	at com.crm.objectRepository.HomePage.&lt;init&gt;(HomePage.java:34)
	at com.crm.createAndVerifyContacts.ToCreateAndVerifyContactsTest.toCreateAndVerifyContactsTest(ToCreateAndVerifyContactsTest.java:44)
	at java.base/java.util.ArrayList.forEach(ArrayList.java:1511)
... Removed 27 stack frames</pre></div><a href='#' onClick='toggleBox("stack-trace1245434971", this, "Click to show all stack frames", "Click to hide stack frames")'>Click to show all stack frames</a>
<div class='stack-trace' id='stack-trace1245434971'><pre>java.lang.Error: Unresolved compilation problems: 
	Syntax error on token &quot;t&quot;, invalid Modifiers
	Syntax error, type annotations are available only when source level is at least 1.8

	at com.crm.objectRepository.HomePage.&lt;init&gt;(HomePage.java:34)
	at com.crm.createAndVerifyContacts.ToCreateAndVerifyContactsTest.toCreateAndVerifyContactsTest(ToCreateAndVerifyContactsTest.java:44)
	at java.base/jdk.internal.reflect.NativeMethodAccessorImpl.invoke0(Native Method)
	at java.base/jdk.internal.reflect.NativeMethodAccessorImpl.invoke(NativeMethodAccessorImpl.java:78)
	at java.base/jdk.internal.reflect.DelegatingMethodAccessorImpl.invoke(DelegatingMethodAccessorImpl.java:43)
	at java.base/java.lang.reflect.Method.invoke(Method.java:567)
	at org.testng.internal.MethodInvocationHelper.invokeMethod(MethodInvocationHelper.java:133)
	at org.testng.internal.TestInvoker.invokeMethod(TestInvoker.java:598)
	at org.testng.internal.TestInvoker.retryFailed(TestInvoker.java:213)
	at org.testng.internal.MethodRunner.runInSequence(MethodRunner.java:58)
	at org.testng.internal.TestInvoker$MethodInvocationAgent.invoke(TestInvoker.java:824)
	at org.testng.internal.TestInvoker.invokeTestMethods(TestInvoker.java:146)
	at org.testng.internal.TestMethodWorker.invokeTestMethods(TestMethodWorker.java:146)
	at org.testng.internal.TestMethodWorker.run(TestMethodWorker.java:128)
	at java.base/java.util.ArrayList.forEach(ArrayList.java:1511)
	at org.testng.TestRunner.privateRun(TestRunner.java:794)
	at org.testng.TestRunner.run(TestRunner.java:596)
	at org.testng.SuiteRunner.runTest(SuiteRunner.java:377)
	at org.testng.SuiteRunner.runSequentially(SuiteRunner.java:371)
	at org.testng.SuiteRunner.privateRun(SuiteRunner.java:332)
	at org.testng.SuiteRunner.run(SuiteRunner.java:276)
	at org.testng.SuiteRunnerWorker.runSuite(SuiteRunnerWorker.java:53)
	at org.testng.SuiteRunnerWorker.run(SuiteRunnerWorker.java:96)
	at org.testng.TestNG.runSuitesSequentially(TestNG.java:1212)
	at org.testng.TestNG.runSuitesLocally(TestNG.java:1134)
	at org.testng.TestNG.runSuites(TestNG.java:1063)
	at org.testng.TestNG.run(TestNG.java:1031)
	at org.testng.remote.AbstractRemoteTestNG.run(AbstractRemoteTestNG.java:115)
	at org.testng.remote.RemoteTestNG.initAndRun(RemoteTestNG.java:251)
	at org.testng.remote.RemoteTestNG.main(RemoteTestNG.java:77)
</pre></div></td>
<td>1</td>
<td>com.crm.createAndVerifyContacts.ToCreateAndVerifyContactsTest@2ea41516</td></tr>
<tr>
<td title='com.crm.createAndVerifyContacts.ToCreateAndVerifyContactsWithOrgansiationTest.toCreateAndVerifyContactsWithOrgansiationTest()'><b>toCreateAndVerifyContactsWithOrgansiationTest</b><br>Test class: com.crm.createAndVerifyContacts.ToCreateAndVerifyContactsWithOrgansiationTest</td>
<td><div><pre>java.lang.Error: Unresolved compilation problems: 
	Syntax error on token &quot;t&quot;, invalid Modifiers
	Syntax error, type annotations are available only when source level is at least 1.8

	at com.crm.objectRepository.HomePage.&lt;init&gt;(HomePage.java:34)
	at com.crm.createAndVerifyContacts.ToCreateAndVerifyContactsWithOrgansiationTest.toCreateAndVerifyContactsWithOrgansiationTest(ToCreateAndVerifyContactsWithOrgansiationTest.java:41)
	at java.base/java.util.ArrayList.forEach(ArrayList.java:1511)
... Removed 27 stack frames</pre></div><a href='#' onClick='toggleBox("stack-trace503427379", this, "Click to show all stack frames", "Click to hide stack frames")'>Click to show all stack frames</a>
<div class='stack-trace' id='stack-trace503427379'><pre>java.lang.Error: Unresolved compilation problems: 
	Syntax error on token &quot;t&quot;, invalid Modifiers
	Syntax error, type annotations are available only when source level is at least 1.8

	at com.crm.objectRepository.HomePage.&lt;init&gt;(HomePage.java:34)
	at com.crm.createAndVerifyContacts.ToCreateAndVerifyContactsWithOrgansiationTest.toCreateAndVerifyContactsWithOrgansiationTest(ToCreateAndVerifyContactsWithOrgansiationTest.java:41)
	at java.base/jdk.internal.reflect.NativeMethodAccessorImpl.invoke0(Native Method)
	at java.base/jdk.internal.reflect.NativeMethodAccessorImpl.invoke(NativeMethodAccessorImpl.java:78)
	at java.base/jdk.internal.reflect.DelegatingMethodAccessorImpl.invoke(DelegatingMethodAccessorImpl.java:43)
	at java.base/java.lang.reflect.Method.invoke(Method.java:567)
	at org.testng.internal.MethodInvocationHelper.invokeMethod(MethodInvocationHelper.java:133)
	at org.testng.internal.TestInvoker.invokeMethod(TestInvoker.java:598)
	at org.testng.internal.TestInvoker.retryFailed(TestInvoker.java:213)
	at org.testng.internal.MethodRunner.runInSequence(MethodRunner.java:58)
	at org.testng.internal.TestInvoker$MethodInvocationAgent.invoke(TestInvoker.java:824)
	at org.testng.internal.TestInvoker.invokeTestMethods(TestInvoker.java:146)
	at org.testng.internal.TestMethodWorker.invokeTestMethods(TestMethodWorker.java:146)
	at org.testng.internal.TestMethodWorker.run(TestMethodWorker.java:128)
	at java.base/java.util.ArrayList.forEach(ArrayList.java:1511)
	at org.testng.TestRunner.privateRun(TestRunner.java:794)
	at org.testng.TestRunner.run(TestRunner.java:596)
	at org.testng.SuiteRunner.runTest(SuiteRunner.java:377)
	at org.testng.SuiteRunner.runSequentially(SuiteRunner.java:371)
	at org.testng.SuiteRunner.privateRun(SuiteRunner.java:332)
	at org.testng.SuiteRunner.run(SuiteRunner.java:276)
	at org.testng.SuiteRunnerWorker.runSuite(SuiteRunnerWorker.java:53)
	at org.testng.SuiteRunnerWorker.run(SuiteRunnerWorker.java:96)
	at org.testng.TestNG.runSuitesSequentially(TestNG.java:1212)
	at org.testng.TestNG.runSuitesLocally(TestNG.java:1134)
	at org.testng.TestNG.runSuites(TestNG.java:1063)
	at org.testng.TestNG.run(TestNG.java:1031)
	at org.testng.remote.AbstractRemoteTestNG.run(AbstractRemoteTestNG.java:115)
	at org.testng.remote.RemoteTestNG.initAndRun(RemoteTestNG.java:251)
	at org.testng.remote.RemoteTestNG.main(RemoteTestNG.java:77)
</pre></div></td>
<td>0</td>
<td>com.crm.createAndVerifyContacts.ToCreateAndVerifyContactsWithOrgansiationTest@316bcf94</td></tr>
<tr>
<td title='com.crm.createAndVerifyContacts.ToCreateAndVerifyContactsWithOrgansiationTest.toCreateAndVerifyContactsWithOrgansiationTest()'><b>toCreateAndVerifyContactsWithOrgansiationTest</b><br>Test class: com.crm.createAndVerifyContacts.ToCreateAndVerifyContactsWithOrgansiationTest</td>
<td><div><pre>java.lang.Error: Unresolved compilation problems: 
	Syntax error on token &quot;t&quot;, invalid Modifiers
	Syntax error, type annotations are available only when source level is at least 1.8

	at com.crm.objectRepository.HomePage.&lt;init&gt;(HomePage.java:34)
	at com.crm.createAndVerifyContacts.ToCreateAndVerifyContactsWithOrgansiationTest.toCreateAndVerifyContactsWithOrgansiationTest(ToCreateAndVerifyContactsWithOrgansiationTest.java:41)
	at java.base/java.util.ArrayList.forEach(ArrayList.java:1511)
... Removed 27 stack frames</pre></div><a href='#' onClick='toggleBox("stack-trace1506083063", this, "Click to show all stack frames", "Click to hide stack frames")'>Click to show all stack frames</a>
<div class='stack-trace' id='stack-trace1506083063'><pre>java.lang.Error: Unresolved compilation problems: 
	Syntax error on token &quot;t&quot;, invalid Modifiers
	Syntax error, type annotations are available only when source level is at least 1.8

	at com.crm.objectRepository.HomePage.&lt;init&gt;(HomePage.java:34)
	at com.crm.createAndVerifyContacts.ToCreateAndVerifyContactsWithOrgansiationTest.toCreateAndVerifyContactsWithOrgansiationTest(ToCreateAndVerifyContactsWithOrgansiationTest.java:41)
	at java.base/jdk.internal.reflect.NativeMethodAccessorImpl.invoke0(Native Method)
	at java.base/jdk.internal.reflect.NativeMethodAccessorImpl.invoke(NativeMethodAccessorImpl.java:78)
	at java.base/jdk.internal.reflect.DelegatingMethodAccessorImpl.invoke(DelegatingMethodAccessorImpl.java:43)
	at java.base/java.lang.reflect.Method.invoke(Method.java:567)
	at org.testng.internal.MethodInvocationHelper.invokeMethod(MethodInvocationHelper.java:133)
	at org.testng.internal.TestInvoker.invokeMethod(TestInvoker.java:598)
	at org.testng.internal.TestInvoker.retryFailed(TestInvoker.java:213)
	at org.testng.internal.MethodRunner.runInSequence(MethodRunner.java:58)
	at org.testng.internal.TestInvoker$MethodInvocationAgent.invoke(TestInvoker.java:824)
	at org.testng.internal.TestInvoker.invokeTestMethods(TestInvoker.java:146)
	at org.testng.internal.TestMethodWorker.invokeTestMethods(TestMethodWorker.java:146)
	at org.testng.internal.TestMethodWorker.run(TestMethodWorker.java:128)
	at java.base/java.util.ArrayList.forEach(ArrayList.java:1511)
	at org.testng.TestRunner.privateRun(TestRunner.java:794)
	at org.testng.TestRunner.run(TestRunner.java:596)
	at org.testng.SuiteRunner.runTest(SuiteRunner.java:377)
	at org.testng.SuiteRunner.runSequentially(SuiteRunner.java:371)
	at org.testng.SuiteRunner.privateRun(SuiteRunner.java:332)
	at org.testng.SuiteRunner.run(SuiteRunner.java:276)
	at org.testng.SuiteRunnerWorker.runSuite(SuiteRunnerWorker.java:53)
	at org.testng.SuiteRunnerWorker.run(SuiteRunnerWorker.java:96)
	at org.testng.TestNG.runSuitesSequentially(TestNG.java:1212)
	at org.testng.TestNG.runSuitesLocally(TestNG.java:1134)
	at org.testng.TestNG.runSuites(TestNG.java:1063)
	at org.testng.TestNG.run(TestNG.java:1031)
	at org.testng.remote.AbstractRemoteTestNG.run(AbstractRemoteTestNG.java:115)
	at org.testng.remote.RemoteTestNG.initAndRun(RemoteTestNG.java:251)
	at org.testng.remote.RemoteTestNG.main(RemoteTestNG.java:77)
</pre></div></td>
<td>0</td>
<td>com.crm.createAndVerifyContacts.ToCreateAndVerifyContactsWithOrgansiationTest@316bcf94</td></tr>
<tr>
<td title='com.crm.createAndVerifyContacts.ToCreateAndVerifyContactsTest.toCreateAndVerifyContactsTest()'><b>toCreateAndVerifyContactsTest</b><br>Test class: com.crm.createAndVerifyContacts.ToCreateAndVerifyContactsTest</td>
<td><div><pre>java.lang.Error: Unresolved compilation problems: 
	Syntax error on token &quot;t&quot;, invalid Modifiers
	Syntax error, type annotations are available only when source level is at least 1.8

	at com.crm.objectRepository.HomePage.&lt;init&gt;(HomePage.java:34)
	at com.crm.createAndVerifyContacts.ToCreateAndVerifyContactsTest.toCreateAndVerifyContactsTest(ToCreateAndVerifyContactsTest.java:44)
	at java.base/java.util.ArrayList.forEach(ArrayList.java:1511)
... Removed 27 stack frames</pre></div><a href='#' onClick='toggleBox("stack-trace1609509548", this, "Click to show all stack frames", "Click to hide stack frames")'>Click to show all stack frames</a>
<div class='stack-trace' id='stack-trace1609509548'><pre>java.lang.Error: Unresolved compilation problems: 
	Syntax error on token &quot;t&quot;, invalid Modifiers
	Syntax error, type annotations are available only when source level is at least 1.8

	at com.crm.objectRepository.HomePage.&lt;init&gt;(HomePage.java:34)
	at com.crm.createAndVerifyContacts.ToCreateAndVerifyContactsTest.toCreateAndVerifyContactsTest(ToCreateAndVerifyContactsTest.java:44)
	at java.base/jdk.internal.reflect.NativeMethodAccessorImpl.invoke0(Native Method)
	at java.base/jdk.internal.reflect.NativeMethodAccessorImpl.invoke(NativeMethodAccessorImpl.java:78)
	at java.base/jdk.internal.reflect.DelegatingMethodAccessorImpl.invoke(DelegatingMethodAccessorImpl.java:43)
	at java.base/java.lang.reflect.Method.invoke(Method.java:567)
	at org.testng.internal.MethodInvocationHelper.invokeMethod(MethodInvocationHelper.java:133)
	at org.testng.internal.TestInvoker.invokeMethod(TestInvoker.java:598)
	at org.testng.internal.TestInvoker.retryFailed(TestInvoker.java:213)
	at org.testng.internal.MethodRunner.runInSequence(MethodRunner.java:58)
	at org.testng.internal.TestInvoker$MethodInvocationAgent.invoke(TestInvoker.java:824)
	at org.testng.internal.TestInvoker.invokeTestMethods(TestInvoker.java:146)
	at org.testng.internal.TestMethodWorker.invokeTestMethods(TestMethodWorker.java:146)
	at org.testng.internal.TestMethodWorker.run(TestMethodWorker.java:128)
	at java.base/java.util.ArrayList.forEach(ArrayList.java:1511)
	at org.testng.TestRunner.privateRun(TestRunner.java:794)
	at org.testng.TestRunner.run(TestRunner.java:596)
	at org.testng.SuiteRunner.runTest(SuiteRunner.java:377)
	at org.testng.SuiteRunner.runSequentially(SuiteRunner.java:371)
	at org.testng.SuiteRunner.privateRun(SuiteRunner.java:332)
	at org.testng.SuiteRunner.run(SuiteRunner.java:276)
	at org.testng.SuiteRunnerWorker.runSuite(SuiteRunnerWorker.java:53)
	at org.testng.SuiteRunnerWorker.run(SuiteRunnerWorker.java:96)
	at org.testng.TestNG.runSuitesSequentially(TestNG.java:1212)
	at org.testng.TestNG.runSuitesLocally(TestNG.java:1134)
	at org.testng.TestNG.runSuites(TestNG.java:1063)
	at org.testng.TestNG.run(TestNG.java:1031)
	at org.testng.remote.AbstractRemoteTestNG.run(AbstractRemoteTestNG.java:115)
	at org.testng.remote.RemoteTestNG.initAndRun(RemoteTestNG.java:251)
	at org.testng.remote.RemoteTestNG.main(RemoteTestNG.java:77)
</pre></div></td>
<td>1</td>
<td>com.crm.createAndVerifyContacts.ToCreateAndVerifyContactsTest@2ea41516</td></tr>
<tr>
<td title='com.crm.createAndVerifyContacts.ToCreateAndVerifyContactsWithOrgansiationTest.toCreateAndVerifyContactsWithOrgansiationTest()'><b>toCreateAndVerifyContactsWithOrgansiationTest</b><br>Test class: com.crm.createAndVerifyContacts.ToCreateAndVerifyContactsWithOrgansiationTest</td>
<td><div><pre>java.lang.Error: Unresolved compilation problems: 
	Syntax error on token &quot;t&quot;, invalid Modifiers
	Syntax error, type annotations are available only when source level is at least 1.8

	at com.crm.objectRepository.HomePage.&lt;init&gt;(HomePage.java:34)
	at com.crm.createAndVerifyContacts.ToCreateAndVerifyContactsWithOrgansiationTest.toCreateAndVerifyContactsWithOrgansiationTest(ToCreateAndVerifyContactsWithOrgansiationTest.java:41)
	at java.base/java.util.ArrayList.forEach(ArrayList.java:1511)
... Removed 27 stack frames</pre></div><a href='#' onClick='toggleBox("stack-trace1139817507", this, "Click to show all stack frames", "Click to hide stack frames")'>Click to show all stack frames</a>
<div class='stack-trace' id='stack-trace1139817507'><pre>java.lang.Error: Unresolved compilation problems: 
	Syntax error on token &quot;t&quot;, invalid Modifiers
	Syntax error, type annotations are available only when source level is at least 1.8

	at com.crm.objectRepository.HomePage.&lt;init&gt;(HomePage.java:34)
	at com.crm.createAndVerifyContacts.ToCreateAndVerifyContactsWithOrgansiationTest.toCreateAndVerifyContactsWithOrgansiationTest(ToCreateAndVerifyContactsWithOrgansiationTest.java:41)
	at java.base/jdk.internal.reflect.NativeMethodAccessorImpl.invoke0(Native Method)
	at java.base/jdk.internal.reflect.NativeMethodAccessorImpl.invoke(NativeMethodAccessorImpl.java:78)
	at java.base/jdk.internal.reflect.DelegatingMethodAccessorImpl.invoke(DelegatingMethodAccessorImpl.java:43)
	at java.base/java.lang.reflect.Method.invoke(Method.java:567)
	at org.testng.internal.MethodInvocationHelper.invokeMethod(MethodInvocationHelper.java:133)
	at org.testng.internal.TestInvoker.invokeMethod(TestInvoker.java:598)
	at org.testng.internal.TestInvoker.retryFailed(TestInvoker.java:213)
	at org.testng.internal.MethodRunner.runInSequence(MethodRunner.java:58)
	at org.testng.internal.TestInvoker$MethodInvocationAgent.invoke(TestInvoker.java:824)
	at org.testng.internal.TestInvoker.invokeTestMethods(TestInvoker.java:146)
	at org.testng.internal.TestMethodWorker.invokeTestMethods(TestMethodWorker.java:146)
	at org.testng.internal.TestMethodWorker.run(TestMethodWorker.java:128)
	at java.base/java.util.ArrayList.forEach(ArrayList.java:1511)
	at org.testng.TestRunner.privateRun(TestRunner.java:794)
	at org.testng.TestRunner.run(TestRunner.java:596)
	at org.testng.SuiteRunner.runTest(SuiteRunner.java:377)
	at org.testng.SuiteRunner.runSequentially(SuiteRunner.java:371)
	at org.testng.SuiteRunner.privateRun(SuiteRunner.java:332)
	at org.testng.SuiteRunner.run(SuiteRunner.java:276)
	at org.testng.SuiteRunnerWorker.runSuite(SuiteRunnerWorker.java:53)
	at org.testng.SuiteRunnerWorker.run(SuiteRunnerWorker.java:96)
	at org.testng.TestNG.runSuitesSequentially(TestNG.java:1212)
	at org.testng.TestNG.runSuitesLocally(TestNG.java:1134)
	at org.testng.TestNG.runSuites(TestNG.java:1063)
	at org.testng.TestNG.run(TestNG.java:1031)
	at org.testng.remote.AbstractRemoteTestNG.run(AbstractRemoteTestNG.java:115)
	at org.testng.remote.RemoteTestNG.initAndRun(RemoteTestNG.java:251)
	at org.testng.remote.RemoteTestNG.main(RemoteTestNG.java:77)
</pre></div></td>
<td>0</td>
<td>com.crm.createAndVerifyContacts.ToCreateAndVerifyContactsWithOrgansiationTest@316bcf94</td></tr>
<tr>
<td title='com.crm.createAndVerifyContacts.ToCreateAndVerifyContactsTest.toCreateAndVerifyContactsTest()'><b>toCreateAndVerifyContactsTest</b><br>Test class: com.crm.createAndVerifyContacts.ToCreateAndVerifyContactsTest</td>
<td><div><pre>java.lang.Error: Unresolved compilation problems: 
	Syntax error on token &quot;t&quot;, invalid Modifiers
	Syntax error, type annotations are available only when source level is at least 1.8

	at com.crm.objectRepository.HomePage.&lt;init&gt;(HomePage.java:34)
	at com.crm.createAndVerifyContacts.ToCreateAndVerifyContactsTest.toCreateAndVerifyContactsTest(ToCreateAndVerifyContactsTest.java:44)
	at java.base/java.util.ArrayList.forEach(ArrayList.java:1511)
... Removed 27 stack frames</pre></div><a href='#' onClick='toggleBox("stack-trace2034046523", this, "Click to show all stack frames", "Click to hide stack frames")'>Click to show all stack frames</a>
<div class='stack-trace' id='stack-trace2034046523'><pre>java.lang.Error: Unresolved compilation problems: 
	Syntax error on token &quot;t&quot;, invalid Modifiers
	Syntax error, type annotations are available only when source level is at least 1.8

	at com.crm.objectRepository.HomePage.&lt;init&gt;(HomePage.java:34)
	at com.crm.createAndVerifyContacts.ToCreateAndVerifyContactsTest.toCreateAndVerifyContactsTest(ToCreateAndVerifyContactsTest.java:44)
	at java.base/jdk.internal.reflect.NativeMethodAccessorImpl.invoke0(Native Method)
	at java.base/jdk.internal.reflect.NativeMethodAccessorImpl.invoke(NativeMethodAccessorImpl.java:78)
	at java.base/jdk.internal.reflect.DelegatingMethodAccessorImpl.invoke(DelegatingMethodAccessorImpl.java:43)
	at java.base/java.lang.reflect.Method.invoke(Method.java:567)
	at org.testng.internal.MethodInvocationHelper.invokeMethod(MethodInvocationHelper.java:133)
	at org.testng.internal.TestInvoker.invokeMethod(TestInvoker.java:598)
	at org.testng.internal.TestInvoker.retryFailed(TestInvoker.java:213)
	at org.testng.internal.MethodRunner.runInSequence(MethodRunner.java:58)
	at org.testng.internal.TestInvoker$MethodInvocationAgent.invoke(TestInvoker.java:824)
	at org.testng.internal.TestInvoker.invokeTestMethods(TestInvoker.java:146)
	at org.testng.internal.TestMethodWorker.invokeTestMethods(TestMethodWorker.java:146)
	at org.testng.internal.TestMethodWorker.run(TestMethodWorker.java:128)
	at java.base/java.util.ArrayList.forEach(ArrayList.java:1511)
	at org.testng.TestRunner.privateRun(TestRunner.java:794)
	at org.testng.TestRunner.run(TestRunner.java:596)
	at org.testng.SuiteRunner.runTest(SuiteRunner.java:377)
	at org.testng.SuiteRunner.runSequentially(SuiteRunner.java:371)
	at org.testng.SuiteRunner.privateRun(SuiteRunner.java:332)
	at org.testng.SuiteRunner.run(SuiteRunner.java:276)
	at org.testng.SuiteRunnerWorker.runSuite(SuiteRunnerWorker.java:53)
	at org.testng.SuiteRunnerWorker.run(SuiteRunnerWorker.java:96)
	at org.testng.TestNG.runSuitesSequentially(TestNG.java:1212)
	at org.testng.TestNG.runSuitesLocally(TestNG.java:1134)
	at org.testng.TestNG.runSuites(TestNG.java:1063)
	at org.testng.TestNG.run(TestNG.java:1031)
	at org.testng.remote.AbstractRemoteTestNG.run(AbstractRemoteTestNG.java:115)
	at org.testng.remote.RemoteTestNG.initAndRun(RemoteTestNG.java:251)
	at org.testng.remote.RemoteTestNG.main(RemoteTestNG.java:77)
</pre></div></td>
<td>0</td>
<td>com.crm.createAndVerifyContacts.ToCreateAndVerifyContactsTest@2ea41516</td></tr>
<tr>
<td title='com.crm.createAndVerifyContacts.ToCreateAndVerifyContactsTest.toCreateAndVerifyContactsTest()'><b>toCreateAndVerifyContactsTest</b><br>Test class: com.crm.createAndVerifyContacts.ToCreateAndVerifyContactsTest</td>
<td><div><pre>java.lang.Error: Unresolved compilation problems: 
	Syntax error on token &quot;t&quot;, invalid Modifiers
	Syntax error, type annotations are available only when source level is at least 1.8

	at com.crm.objectRepository.HomePage.&lt;init&gt;(HomePage.java:34)
	at com.crm.createAndVerifyContacts.ToCreateAndVerifyContactsTest.toCreateAndVerifyContactsTest(ToCreateAndVerifyContactsTest.java:44)
	at java.base/java.util.ArrayList.forEach(ArrayList.java:1511)
... Removed 27 stack frames</pre></div><a href='#' onClick='toggleBox("stack-trace678787773", this, "Click to show all stack frames", "Click to hide stack frames")'>Click to show all stack frames</a>
<div class='stack-trace' id='stack-trace678787773'><pre>java.lang.Error: Unresolved compilation problems: 
	Syntax error on token &quot;t&quot;, invalid Modifiers
	Syntax error, type annotations are available only when source level is at least 1.8

	at com.crm.objectRepository.HomePage.&lt;init&gt;(HomePage.java:34)
	at com.crm.createAndVerifyContacts.ToCreateAndVerifyContactsTest.toCreateAndVerifyContactsTest(ToCreateAndVerifyContactsTest.java:44)
	at java.base/jdk.internal.reflect.NativeMethodAccessorImpl.invoke0(Native Method)
	at java.base/jdk.internal.reflect.NativeMethodAccessorImpl.invoke(NativeMethodAccessorImpl.java:78)
	at java.base/jdk.internal.reflect.DelegatingMethodAccessorImpl.invoke(DelegatingMethodAccessorImpl.java:43)
	at java.base/java.lang.reflect.Method.invoke(Method.java:567)
	at org.testng.internal.MethodInvocationHelper.invokeMethod(MethodInvocationHelper.java:133)
	at org.testng.internal.TestInvoker.invokeMethod(TestInvoker.java:598)
	at org.testng.internal.TestInvoker.invokeTestMethod(TestInvoker.java:173)
	at org.testng.internal.MethodRunner.runInSequence(MethodRunner.java:46)
	at org.testng.internal.TestInvoker$MethodInvocationAgent.invoke(TestInvoker.java:824)
	at org.testng.internal.TestInvoker.invokeTestMethods(TestInvoker.java:146)
	at org.testng.internal.TestMethodWorker.invokeTestMethods(TestMethodWorker.java:146)
	at org.testng.internal.TestMethodWorker.run(TestMethodWorker.java:128)
	at java.base/java.util.ArrayList.forEach(ArrayList.java:1511)
	at org.testng.TestRunner.privateRun(TestRunner.java:794)
	at org.testng.TestRunner.run(TestRunner.java:596)
	at org.testng.SuiteRunner.runTest(SuiteRunner.java:377)
	at org.testng.SuiteRunner.runSequentially(SuiteRunner.java:371)
	at org.testng.SuiteRunner.privateRun(SuiteRunner.java:332)
	at org.testng.SuiteRunner.run(SuiteRunner.java:276)
	at org.testng.SuiteRunnerWorker.runSuite(SuiteRunnerWorker.java:53)
	at org.testng.SuiteRunnerWorker.run(SuiteRunnerWorker.java:96)
	at org.testng.TestNG.runSuitesSequentially(TestNG.java:1212)
	at org.testng.TestNG.runSuitesLocally(TestNG.java:1134)
	at org.testng.TestNG.runSuites(TestNG.java:1063)
	at org.testng.TestNG.run(TestNG.java:1031)
	at org.testng.remote.AbstractRemoteTestNG.run(AbstractRemoteTestNG.java:115)
	at org.testng.remote.RemoteTestNG.initAndRun(RemoteTestNG.java:251)
	at org.testng.remote.RemoteTestNG.main(RemoteTestNG.java:77)
</pre></div></td>
<td>3</td>
<td>com.crm.createAndVerifyContacts.ToCreateAndVerifyContactsTest@2ea41516</td></tr>
<tr>
<td title='com.crm.createAndVerifyContacts.ToCreateAndVerifyContactsWithOrgansiationTest.toCreateAndVerifyContactsWithOrgansiationTest()'><b>toCreateAndVerifyContactsWithOrgansiationTest</b><br>Test class: com.crm.createAndVerifyContacts.ToCreateAndVerifyContactsWithOrgansiationTest</td>
<td><div><pre>java.lang.Error: Unresolved compilation problems: 
	Syntax error on token &quot;t&quot;, invalid Modifiers
	Syntax error, type annotations are available only when source level is at least 1.8

	at com.crm.objectRepository.HomePage.&lt;init&gt;(HomePage.java:34)
	at com.crm.createAndVerifyContacts.ToCreateAndVerifyContactsWithOrgansiationTest.toCreateAndVerifyContactsWithOrgansiationTest(ToCreateAndVerifyContactsWithOrgansiationTest.java:41)
	at java.base/java.util.ArrayList.forEach(ArrayList.java:1511)
... Removed 27 stack frames</pre></div><a href='#' onClick='toggleBox("stack-trace970900790", this, "Click to show all stack frames", "Click to hide stack frames")'>Click to show all stack frames</a>
<div class='stack-trace' id='stack-trace970900790'><pre>java.lang.Error: Unresolved compilation problems: 
	Syntax error on token &quot;t&quot;, invalid Modifiers
	Syntax error, type annotations are available only when source level is at least 1.8

	at com.crm.objectRepository.HomePage.&lt;init&gt;(HomePage.java:34)
	at com.crm.createAndVerifyContacts.ToCreateAndVerifyContactsWithOrgansiationTest.toCreateAndVerifyContactsWithOrgansiationTest(ToCreateAndVerifyContactsWithOrgansiationTest.java:41)
	at java.base/jdk.internal.reflect.NativeMethodAccessorImpl.invoke0(Native Method)
	at java.base/jdk.internal.reflect.NativeMethodAccessorImpl.invoke(NativeMethodAccessorImpl.java:78)
	at java.base/jdk.internal.reflect.DelegatingMethodAccessorImpl.invoke(DelegatingMethodAccessorImpl.java:43)
	at java.base/java.lang.reflect.Method.invoke(Method.java:567)
	at org.testng.internal.MethodInvocationHelper.invokeMethod(MethodInvocationHelper.java:133)
	at org.testng.internal.TestInvoker.invokeMethod(TestInvoker.java:598)
	at org.testng.internal.TestInvoker.invokeTestMethod(TestInvoker.java:173)
	at org.testng.internal.MethodRunner.runInSequence(MethodRunner.java:46)
	at org.testng.internal.TestInvoker$MethodInvocationAgent.invoke(TestInvoker.java:824)
	at org.testng.internal.TestInvoker.invokeTestMethods(TestInvoker.java:146)
	at org.testng.internal.TestMethodWorker.invokeTestMethods(TestMethodWorker.java:146)
	at org.testng.internal.TestMethodWorker.run(TestMethodWorker.java:128)
	at java.base/java.util.ArrayList.forEach(ArrayList.java:1511)
	at org.testng.TestRunner.privateRun(TestRunner.java:794)
	at org.testng.TestRunner.run(TestRunner.java:596)
	at org.testng.SuiteRunner.runTest(SuiteRunner.java:377)
	at org.testng.SuiteRunner.runSequentially(SuiteRunner.java:371)
	at org.testng.SuiteRunner.privateRun(SuiteRunner.java:332)
	at org.testng.SuiteRunner.run(SuiteRunner.java:276)
	at org.testng.SuiteRunnerWorker.runSuite(SuiteRunnerWorker.java:53)
	at org.testng.SuiteRunnerWorker.run(SuiteRunnerWorker.java:96)
	at org.testng.TestNG.runSuitesSequentially(TestNG.java:1212)
	at org.testng.TestNG.runSuitesLocally(TestNG.java:1134)
	at org.testng.TestNG.runSuites(TestNG.java:1063)
	at org.testng.TestNG.run(TestNG.java:1031)
	at org.testng.remote.AbstractRemoteTestNG.run(AbstractRemoteTestNG.java:115)
	at org.testng.remote.RemoteTestNG.initAndRun(RemoteTestNG.java:251)
	at org.testng.remote.RemoteTestNG.main(RemoteTestNG.java:77)
</pre></div></td>
<td>1</td>
<td>com.crm.createAndVerifyContacts.ToCreateAndVerifyContactsWithOrgansiationTest@316bcf94</td></tr>
</table><p>
</body>
</html>