<?xml version="1.0" encoding="UTF-8"?>
<!-- Generated by org.testng.reporters.JUnitXMLReporter -->
<testsuite ignored="2" hostname="DESKTOP-IPNI0DB" failures="1" tests="6" name="Test" time="54.623" errors="0" timestamp="2022-06-29T22:46:30 IST">
  <testcase classname="com.crm.genericutility.BaseClass" name="@AfterMethod logOutFromAppln" time="0.1">
    <failure type="org.openqa.selenium.json.JsonException" message="java.lang.reflect.InvocationTargetException
Build info: version: &amp;apos;3.141.59&amp;apos;, revision: &amp;apos;e82be7d358&amp;apos;, time: &amp;apos;2018-11-14T08:17:03&amp;apos;
System info: host: &amp;apos;DESKTOP-IPNI0DB&amp;apos;, ip: &amp;apos;192.168.42.106&amp;apos;, os.name: &amp;apos;Windows 10&amp;apos;, os.arch: &amp;apos;amd64&amp;apos;, os.version: &amp;apos;10.0&amp;apos;, java.version: &amp;apos;16.0.1&amp;apos;
Driver info: driver.version: RemoteWebDriver">
      <![CDATA[org.openqa.selenium.json.JsonException: java.lang.reflect.InvocationTargetException
Build info: version: '3.141.59', revision: 'e82be7d358', time: '2018-11-14T08:17:03'
System info: host: 'DESKTOP-IPNI0DB', ip: '192.168.42.106', os.name: 'Windows 10', os.arch: 'amd64', os.version: '10.0', java.version: '16.0.1'
Driver info: driver.version: RemoteWebDriver
at org.openqa.selenium.json.JsonOutput.convertUsingMethod(JsonOutput.java:332)
at org.openqa.selenium.json.JsonOutput.lambda$new$16(JsonOutput.java:155)
at org.openqa.selenium.json.JsonOutput.write(JsonOutput.java:264)
at org.openqa.selenium.json.JsonOutput.lambda$null$21(JsonOutput.java:168)
at java.base/java.util.LinkedHashMap$LinkedValues.forEach(LinkedHashMap.java:647)
at org.openqa.selenium.json.JsonOutput.lambda$new$22(JsonOutput.java:168)
at org.openqa.selenium.json.JsonOutput.write(JsonOutput.java:264)
at org.openqa.selenium.json.JsonOutput.lambda$null$23(JsonOutput.java:177)
at com.google.common.collect.SingletonImmutableBiMap.forEach(SingletonImmutableBiMap.java:65)
at org.openqa.selenium.json.JsonOutput.lambda$new$24(JsonOutput.java:176)
at org.openqa.selenium.json.JsonOutput.write(JsonOutput.java:264)
at org.openqa.selenium.json.JsonOutput.write(JsonOutput.java:255)
at org.openqa.selenium.json.Json.toJson(Json.java:42)
at org.openqa.selenium.remote.http.AbstractHttpCommandCodec.encode(AbstractHttpCommandCodec.java:227)
at org.openqa.selenium.remote.http.AbstractHttpCommandCodec.encode(AbstractHttpCommandCodec.java:117)
at org.openqa.selenium.remote.HttpCommandExecutor.execute(HttpCommandExecutor.java:152)
at org.openqa.selenium.remote.service.DriverCommandExecutor.execute(DriverCommandExecutor.java:83)
at org.openqa.selenium.remote.RemoteWebDriver.execute(RemoteWebDriver.java:552)
at org.openqa.selenium.remote.RemoteWebDriver.perform(RemoteWebDriver.java:618)
at org.openqa.selenium.interactions.Actions$BuiltAction.perform(Actions.java:639)
at org.openqa.selenium.interactions.Actions.perform(Actions.java:595)
at com.crm.genericutility.WebDriverUtility.mouseHoverOnElement(WebDriverUtility.java:172)
at com.crm.objectRepository.HomePage.administration(HomePage.java:107)
at com.crm.genericutility.BaseClass.logOutFromAppln(BaseClass.java:86)
at java.base/java.util.ArrayList.forEach(ArrayList.java:1511)
Suppressed: org.openqa.selenium.json.JsonException: Attempting to close incomplete json stream
Build info: version: '3.141.59', revision: 'e82be7d358', time: '2018-11-14T08:17:03'
System info: host: 'DESKTOP-IPNI0DB', ip: '192.168.42.106', os.name: 'Windows 10', os.arch: 'amd64', os.version: '10.0', java.version: '16.0.1'
Driver info: driver.version: RemoteWebDriver
at org.openqa.selenium.json.JsonOutput.close(JsonOutput.java:279)
at org.openqa.selenium.json.Json.toJson(Json.java:44)
... 44 more
at org.openqa.selenium.json.JsonOutput.convertUsingMethod(JsonOutput.java:328)
... 56 more
Caused by: org.openqa.selenium.WebDriverException: Failed to decode response from marionette
Build info: version: '3.141.59', revision: 'e82be7d358', time: '2018-11-14T08:17:03'
System info: host: 'DESKTOP-IPNI0DB', ip: '192.168.42.106', os.name: 'Windows 10', os.arch: 'amd64', os.version: '10.0', java.version: '16.0.1'
Driver info: org.openqa.selenium.firefox.FirefoxDriver
Capabilities {acceptInsecureCerts: true, browserName: firefox, browserVersion: 101.0.1, javascriptEnabled: true, moz:accessibilityChecks: false, moz:buildID: 20220608170832, moz:geckodriverVersion: 0.31.0, moz:headless: false, moz:processID: 1624, moz:profile: C:\Users\Admin\AppData\Loca..., moz:shutdownTimeout: 60000, moz:useNonSpecCompliantPointerOrigin: false, moz:webdriverClick: true, pageLoadStrategy: normal, platform: WINDOWS, platformName: WINDOWS, platformVersion: 10.0, proxy: Proxy(), setWindowRect: true, strictFileInteractability: false, timeouts: {implicit: 0, pageLoad: 300000, script: 30000}, unhandledPromptBehavior: dismiss and notify}
Session ID: 67262561-efd6-4397-ab05-263190004c61
*** Element info: {Using=xpath, value=//img[@src='themes/softed/images/user.PNG']}
at org.openqa.selenium.remote.http.W3CHttpResponseCodec.createException(W3CHttpResponseCodec.java:187)
at org.openqa.selenium.remote.http.W3CHttpResponseCodec.decode(W3CHttpResponseCodec.java:122)
at org.openqa.selenium.remote.http.W3CHttpResponseCodec.decode(W3CHttpResponseCodec.java:49)
at org.openqa.selenium.remote.HttpCommandExecutor.execute(HttpCommandExecutor.java:158)
at org.openqa.selenium.remote.service.DriverCommandExecutor.execute(DriverCommandExecutor.java:83)
at org.openqa.selenium.remote.RemoteWebDriver.execute(RemoteWebDriver.java:552)
at org.openqa.selenium.remote.RemoteWebDriver.findElement(RemoteWebDriver.java:323)
at org.openqa.selenium.remote.RemoteWebDriver.findElementByXPath(RemoteWebDriver.java:428)
at org.openqa.selenium.By$ByXPath.findElement(By.java:353)
at org.openqa.selenium.remote.RemoteWebDriver.findElement(RemoteWebDriver.java:315)
at org.openqa.selenium.support.pagefactory.DefaultElementLocator.findElement(DefaultElementLocator.java:69)
at org.openqa.selenium.support.pagefactory.internal.LocatingElementHandler.invoke(LocatingElementHandler.java:38)
at jdk.proxy2/jdk.proxy2.$Proxy18.getWrappedElement(Unknown Source)
at org.openqa.selenium.interactions.PointerInput$Origin.asArg(PointerInput.java:204)
at org.openqa.selenium.interactions.PointerInput$Move.encode(PointerInput.java:155)
at org.openqa.selenium.interactions.Sequence.encode(Sequence.java:75)
at org.openqa.selenium.interactions.Sequence.toJson(Sequence.java:84)
... 61 more
... Removed 42 stack frames]]>
    </failure>
  </testcase> <!-- @AfterMethod logOutFromAppln -->
  <testcase classname="com.crm.genericutility.BaseClass" name="@BeforeMethod loginToAppln" time="-1.656522988712E9">
    <skipped/>
  </testcase> <!-- @BeforeMethod loginToAppln -->
  <testcase classname="com.crm.genericutility.BaseClass" name="@AfterMethod logOutFromAppln" time="-1.656522989116E9">
    <skipped/>
  </testcase> <!-- @AfterMethod logOutFromAppln -->
  <testcase classname="com.crm.genericutility.BaseClass" name="@BeforeMethod loginToAppln" time="-1.656522989132E9">
    <skipped/>
  </testcase> <!-- @BeforeMethod loginToAppln -->
  <testcase classname="com.crm.genericutility.BaseClass" name="@AfterMethod logOutFromAppln" time="-1.656522989381E9">
    <skipped/>
  </testcase> <!-- @AfterMethod logOutFromAppln -->
  <testcase classname="com.crm.genericutility.BaseClass" name="@BeforeMethod loginToAppln" time="-1.656522989384E9">
    <skipped/>
  </testcase> <!-- @BeforeMethod loginToAppln -->
  <testcase classname="com.crm.genericutility.BaseClass" name="@AfterMethod logOutFromAppln" time="-1.656522989576E9">
    <skipped/>
  </testcase> <!-- @AfterMethod logOutFromAppln -->
  <testcase classname="com.crm.genericutility.BaseClass" name="@BeforeMethod loginToAppln" time="-1.656522989577E9">
    <skipped/>
  </testcase> <!-- @BeforeMethod loginToAppln -->
  <testcase classname="com.crm.genericutility.BaseClass" name="@AfterMethod logOutFromAppln" time="-1.656522989906E9">
    <skipped/>
  </testcase> <!-- @AfterMethod logOutFromAppln -->
  <testcase classname="com.crm.genericutility.BaseClass" name="@AfterClass closeTheBrowser" time="-1.656522989912E9">
    <skipped/>
  </testcase> <!-- @AfterClass closeTheBrowser -->
  <testcase classname="com.crm.createAndVerifyContacts.ToCreateAndVerifyContactsTest" name="toCreateAndVerifyContactsTest" time="20.907"/>
  <testcase classname="com.crm.createAndVerifyOrganization.CreateAndVerifyOrganizationTest" name="createAndVerifyOrganizationTest" time="5.611">
    <skipped/>
  </testcase> <!-- createAndVerifyOrganizationTest -->
  <testcase classname="com.crm.createAndVerifyOrganization.CreateAndVerifyOrganizationTest" name="createAndVerifyOrganizationTest" time="0.395">
    <skipped/>
  </testcase> <!-- createAndVerifyOrganizationTest -->
  <testcase classname="com.crm.createAndVerifyOrganization.CreateAndVerifyOrganizationTest" name="createAndVerifyOrganizationTest" time="0.233">
    <skipped/>
  </testcase> <!-- createAndVerifyOrganizationTest -->
  <testcase classname="com.crm.createAndVerifyOrganization.CreateAndVerifyOrganizationTest" name="createAndVerifyOrganizationTest" time="0.187">
    <skipped/>
  </testcase> <!-- createAndVerifyOrganizationTest -->
  <testcase classname="com.crm.createAndVerifyOrganization.CreateAndVerifyOrganizationTest" name="createAndVerifyOrganizationTest" time="0.191">
    <failure type="org.openqa.selenium.NoSuchSessionException" message="Tried to run command without establishing a connection
Build info: version: &amp;apos;3.141.59&amp;apos;, revision: &amp;apos;e82be7d358&amp;apos;, time: &amp;apos;2018-11-14T08:17:03&amp;apos;
System info: host: &amp;apos;DESKTOP-IPNI0DB&amp;apos;, ip: &amp;apos;192.168.42.106&amp;apos;, os.name: &amp;apos;Windows 10&amp;apos;, os.arch: &amp;apos;amd64&amp;apos;, os.version: &amp;apos;10.0&amp;apos;, java.version: &amp;apos;16.0.1&amp;apos;
Driver info: org.openqa.selenium.firefox.FirefoxDriver
Capabilities {acceptInsecureCerts: true, browserName: firefox, browserVersion: 101.0.1, javascriptEnabled: true, moz:accessibilityChecks: false, moz:buildID: 20220608170832, moz:geckodriverVersion: 0.31.0, moz:headless: false, moz:processID: 1624, moz:profile: C:\Users\Admin\AppData\Loca..., moz:shutdownTimeout: 60000, moz:useNonSpecCompliantPointerOrigin: false, moz:webdriverClick: true, pageLoadStrategy: normal, platform: WINDOWS, platformName: WINDOWS, platformVersion: 10.0, proxy: Proxy(), setWindowRect: true, strictFileInteractability: false, timeouts: {implicit: 0, pageLoad: 300000, script: 30000}, unhandledPromptBehavior: dismiss and notify}
Session ID: 67262561-efd6-4397-ab05-263190004c61
*** Element info: {Using=xpath, value=//a[.=&amp;apos;Organizations&amp;apos;]}">
      <![CDATA[org.openqa.selenium.NoSuchSessionException: Tried to run command without establishing a connection
Build info: version: '3.141.59', revision: 'e82be7d358', time: '2018-11-14T08:17:03'
System info: host: 'DESKTOP-IPNI0DB', ip: '192.168.42.106', os.name: 'Windows 10', os.arch: 'amd64', os.version: '10.0', java.version: '16.0.1'
Driver info: org.openqa.selenium.firefox.FirefoxDriver
Capabilities {acceptInsecureCerts: true, browserName: firefox, browserVersion: 101.0.1, javascriptEnabled: true, moz:accessibilityChecks: false, moz:buildID: 20220608170832, moz:geckodriverVersion: 0.31.0, moz:headless: false, moz:processID: 1624, moz:profile: C:\Users\Admin\AppData\Loca..., moz:shutdownTimeout: 60000, moz:useNonSpecCompliantPointerOrigin: false, moz:webdriverClick: true, pageLoadStrategy: normal, platform: WINDOWS, platformName: WINDOWS, platformVersion: 10.0, proxy: Proxy(), setWindowRect: true, strictFileInteractability: false, timeouts: {implicit: 0, pageLoad: 300000, script: 30000}, unhandledPromptBehavior: dismiss and notify}
Session ID: 67262561-efd6-4397-ab05-263190004c61
*** Element info: {Using=xpath, value=//a[.='Organizations']}
at org.openqa.selenium.remote.http.W3CHttpResponseCodec.createException(W3CHttpResponseCodec.java:187)
at org.openqa.selenium.remote.http.W3CHttpResponseCodec.decode(W3CHttpResponseCodec.java:122)
at org.openqa.selenium.remote.http.W3CHttpResponseCodec.decode(W3CHttpResponseCodec.java:49)
at org.openqa.selenium.remote.HttpCommandExecutor.execute(HttpCommandExecutor.java:158)
at org.openqa.selenium.remote.service.DriverCommandExecutor.execute(DriverCommandExecutor.java:83)
at org.openqa.selenium.remote.RemoteWebDriver.execute(RemoteWebDriver.java:552)
at org.openqa.selenium.remote.RemoteWebDriver.findElement(RemoteWebDriver.java:323)
at org.openqa.selenium.remote.RemoteWebDriver.findElementByXPath(RemoteWebDriver.java:428)
at org.openqa.selenium.By$ByXPath.findElement(By.java:353)
at org.openqa.selenium.remote.RemoteWebDriver.findElement(RemoteWebDriver.java:315)
at org.openqa.selenium.support.pagefactory.DefaultElementLocator.findElement(DefaultElementLocator.java:69)
at org.openqa.selenium.support.pagefactory.internal.LocatingElementHandler.invoke(LocatingElementHandler.java:38)
at jdk.proxy2/jdk.proxy2.$Proxy18.click(Unknown Source)
at com.crm.objectRepository.HomePage.organizationsLink(HomePage.java:72)
at com.crm.createAndVerifyOrganization.CreateAndVerifyOrganizationTest.createAndVerifyOrganizationTest(CreateAndVerifyOrganizationTest.java:45)
at java.base/java.util.ArrayList.forEach(ArrayList.java:1511)
... Removed 32 stack frames]]>
    </failure>
  </testcase> <!-- createAndVerifyOrganizationTest -->
  <testcase classname="com.crm.genericutility.BaseClass" name="@BeforeSuite connectToDataBase" time="0.0">
    <ignored/>
  </testcase> <!-- @BeforeSuite connectToDataBase -->
  <testcase classname="com.crm.genericutility.BaseClass" name="@AfterSuite closeTheDataBase" time="0.0">
    <ignored/>
  </testcase> <!-- @AfterSuite closeTheDataBase -->
</testsuite> <!-- Test -->
