<?xml version="1.0" encoding="UTF-8"?>
<!-- Generated by org.testng.reporters.JUnitXMLReporter -->
<testsuite ignored="0" hostname="DESKTOP-IPNI0DB" failures="1" tests="5" name="Default test(failed)" time="82.813" errors="0" timestamp="2022-06-16T16:35:37 IST">
  <testcase classname="com.crm.createAndVerifyProducts.CreateAndVerifyProductsTest" name="createAndVerifyProducts" time="11.175">
    <skipped/>
  </testcase> <!-- createAndVerifyProducts -->
  <testcase classname="com.crm.createAndVerifyProducts.CreateAndVerifyProductsTest" name="createAndVerifyProducts" time="10.822">
    <skipped/>
  </testcase> <!-- createAndVerifyProducts -->
  <testcase classname="com.crm.createAndVerifyProducts.CreateAndVerifyProductsTest" name="createAndVerifyProducts" time="10.52">
    <skipped/>
  </testcase> <!-- createAndVerifyProducts -->
  <testcase classname="com.crm.createAndVerifyProducts.CreateAndVerifyProductsTest" name="createAndVerifyProducts" time="10.55">
    <skipped/>
  </testcase> <!-- createAndVerifyProducts -->
  <testcase classname="com.crm.createAndVerifyProducts.CreateAndVerifyProductsTest" name="createAndVerifyProducts" time="10.03">
    <failure type="java.lang.AssertionError" message="The following asserts failed:
	expected [true] but found [false]">
      <![CDATA[java.lang.AssertionError: The following asserts failed:
expected [true] but found [false]
at com.crm.createAndVerifyProducts.CreateAndVerifyProductsTest.createAndVerifyProducts(CreateAndVerifyProductsTest.java:71)
at java.base/java.util.ArrayList.forEach(ArrayList.java:1511)
... Removed 29 stack frames]]>
    </failure>
  </testcase> <!-- createAndVerifyProducts -->
</testsuite> <!-- Default test(failed) -->
